\BOOKMARK [0][-]{chapter.1}{\376\377\0001\000\040\000N\000a\000m\000e\000s\000p\000a\000c\000e\000\040\000I\000n\000d\000e\000x}{}% 1
\BOOKMARK [1][-]{section.1.1}{\376\377\0001\000.\0001\000\040\000N\000a\000m\000e\000s\000p\000a\000c\000e\000\040\000L\000i\000s\000t}{chapter.1}% 2
\BOOKMARK [0][-]{chapter.2}{\376\377\0002\000\040\000H\000i\000e\000r\000a\000r\000c\000h\000i\000c\000a\000l\000\040\000I\000n\000d\000e\000x}{}% 3
\BOOKMARK [1][-]{section.2.1}{\376\377\0002\000.\0001\000\040\000C\000l\000a\000s\000s\000\040\000H\000i\000e\000r\000a\000r\000c\000h\000y}{chapter.2}% 4
\BOOKMARK [0][-]{chapter.3}{\376\377\0003\000\040\000C\000l\000a\000s\000s\000\040\000I\000n\000d\000e\000x}{}% 5
\BOOKMARK [1][-]{section.3.1}{\376\377\0003\000.\0001\000\040\000C\000l\000a\000s\000s\000\040\000L\000i\000s\000t}{chapter.3}% 6
\BOOKMARK [0][-]{chapter.4}{\376\377\0004\000\040\000F\000i\000l\000e\000\040\000I\000n\000d\000e\000x}{}% 7
\BOOKMARK [1][-]{section.4.1}{\376\377\0004\000.\0001\000\040\000F\000i\000l\000e\000\040\000L\000i\000s\000t}{chapter.4}% 8
\BOOKMARK [0][-]{chapter.5}{\376\377\0005\000\040\000N\000a\000m\000e\000s\000p\000a\000c\000e\000\040\000D\000o\000c\000u\000m\000e\000n\000t\000a\000t\000i\000o\000n}{}% 9
\BOOKMARK [1][-]{section.5.1}{\376\377\0005\000.\0001\000\040\000m\000a\000n\000a\000g\000e\000\040\000N\000a\000m\000e\000s\000p\000a\000c\000e\000\040\000R\000e\000f\000e\000r\000e\000n\000c\000e}{chapter.5}% 10
\BOOKMARK [2][-]{subsection.5.1.1}{\376\377\0005\000.\0001\000.\0001\000\040\000D\000e\000t\000a\000i\000l\000e\000d\000\040\000D\000e\000s\000c\000r\000i\000p\000t\000i\000o\000n}{section.5.1}% 11
\BOOKMARK [2][-]{subsection.5.1.2}{\376\377\0005\000.\0001\000.\0002\000\040\000F\000u\000n\000c\000t\000i\000o\000n\000\040\000D\000o\000c\000u\000m\000e\000n\000t\000a\000t\000i\000o\000n}{section.5.1}% 12
\BOOKMARK [3][-]{subsubsection.5.1.2.1}{\376\377\0005\000.\0001\000.\0002\000.\0001\000\040\000m\000a\000i\000n\000\050\000\051}{subsection.5.1.2}% 13
\BOOKMARK [1][-]{section.5.2}{\376\377\0005\000.\0002\000\040\000s\000e\000l\000f\000\137\000s\000e\000r\000v\000i\000c\000e\000\137\000t\000e\000r\000m\000i\000n\000a\000l\000\040\000N\000a\000m\000e\000s\000p\000a\000c\000e\000\040\000R\000e\000f\000e\000r\000e\000n\000c\000e}{chapter.5}% 14
\BOOKMARK [1][-]{section.5.3}{\376\377\0005\000.\0003\000\040\000s\000e\000l\000f\000\137\000s\000e\000r\000v\000i\000c\000e\000\137\000t\000e\000r\000m\000i\000n\000a\000l\000.\000a\000c\000t\000i\000o\000n\000s\000\040\000N\000a\000m\000e\000s\000p\000a\000c\000e\000\040\000R\000e\000f\000e\000r\000e\000n\000c\000e}{chapter.5}% 15
\BOOKMARK [2][-]{subsection.5.3.1}{\376\377\0005\000.\0003\000.\0001\000\040\000F\000u\000n\000c\000t\000i\000o\000n\000\040\000D\000o\000c\000u\000m\000e\000n\000t\000a\000t\000i\000o\000n}{section.5.3}% 16
\BOOKMARK [3][-]{subsubsection.5.3.1.1}{\376\377\0005\000.\0003\000.\0001\000.\0001\000\040\000e\000x\000p\000o\000r\000t\000\137\000a\000c\000t\000i\000o\000n\000\050\000\051}{subsection.5.3.1}% 17
\BOOKMARK [3][-]{subsubsection.5.3.1.2}{\376\377\0005\000.\0003\000.\0001\000.\0002\000\040\000i\000m\000p\000o\000r\000t\000\137\000a\000c\000t\000i\000o\000n\000\050\000\051}{subsection.5.3.1}% 18
\BOOKMARK [1][-]{section.5.4}{\376\377\0005\000.\0004\000\040\000s\000e\000l\000f\000\137\000s\000e\000r\000v\000i\000c\000e\000\137\000t\000e\000r\000m\000i\000n\000a\000l\000.\000a\000d\000m\000i\000n\000\040\000N\000a\000m\000e\000s\000p\000a\000c\000e\000\040\000R\000e\000f\000e\000r\000e\000n\000c\000e}{chapter.5}% 19
\BOOKMARK [2][-]{subsection.5.4.1}{\376\377\0005\000.\0004\000.\0001\000\040\000D\000e\000t\000a\000i\000l\000e\000d\000\040\000D\000e\000s\000c\000r\000i\000p\000t\000i\000o\000n}{section.5.4}% 20
\BOOKMARK [2][-]{subsection.5.4.2}{\376\377\0005\000.\0004\000.\0002\000\040\000V\000a\000r\000i\000a\000b\000l\000e\000\040\000D\000o\000c\000u\000m\000e\000n\000t\000a\000t\000i\000o\000n}{section.5.4}% 21
\BOOKMARK [3][-]{subsubsection.5.4.2.1}{\376\377\0005\000.\0004\000.\0002\000.\0001\000\040\000a\000d\000m\000i\000n\000\137\000s\000i\000t\000e}{subsection.5.4.2}% 22
\BOOKMARK [3][-]{subsubsection.5.4.2.2}{\376\377\0005\000.\0004\000.\0002\000.\0002\000\040\000s\000i\000t\000e\000\137\000h\000e\000a\000d\000e\000r}{subsection.5.4.2}% 23
\BOOKMARK [1][-]{section.5.5}{\376\377\0005\000.\0005\000\040\000s\000e\000l\000f\000\137\000s\000e\000r\000v\000i\000c\000e\000\137\000t\000e\000r\000m\000i\000n\000a\000l\000.\000a\000p\000p\000s\000\040\000N\000a\000m\000e\000s\000p\000a\000c\000e\000\040\000R\000e\000f\000e\000r\000e\000n\000c\000e}{chapter.5}% 24
\BOOKMARK [1][-]{section.5.6}{\376\377\0005\000.\0006\000\040\000s\000e\000l\000f\000\137\000s\000e\000r\000v\000i\000c\000e\000\137\000t\000e\000r\000m\000i\000n\000a\000l\000.\000c\000o\000n\000s\000t\000a\000n\000t\000s\000\040\000N\000a\000m\000e\000s\000p\000a\000c\000e\000\040\000R\000e\000f\000e\000r\000e\000n\000c\000e}{chapter.5}% 25
\BOOKMARK [2][-]{subsection.5.6.1}{\376\377\0005\000.\0006\000.\0001\000\040\000D\000e\000t\000a\000i\000l\000e\000d\000\040\000D\000e\000s\000c\000r\000i\000p\000t\000i\000o\000n}{section.5.6}% 26
\BOOKMARK [2][-]{subsection.5.6.2}{\376\377\0005\000.\0006\000.\0002\000\040\000V\000a\000r\000i\000a\000b\000l\000e\000\040\000D\000o\000c\000u\000m\000e\000n\000t\000a\000t\000i\000o\000n}{section.5.6}% 27
\BOOKMARK [3][-]{subsubsection.5.6.2.1}{\376\377\0005\000.\0006\000.\0002\000.\0001\000\040\000B\000U\000T\000T\000O\000N\000S\000\137\000P\000E\000R\000\137\000P\000A\000G\000E}{subsection.5.6.2}% 28
\BOOKMARK [3][-]{subsubsection.5.6.2.2}{\376\377\0005\000.\0006\000.\0002\000.\0002\000\040\000E\000X\000P\000O\000R\000T\000\137\000P\000A\000T\000H}{subsection.5.6.2}% 29
\BOOKMARK [3][-]{subsubsection.5.6.2.3}{\376\377\0005\000.\0006\000.\0002\000.\0003\000\040\000P\000R\000I\000N\000T\000E\000R}{subsection.5.6.2}% 30
\BOOKMARK [3][-]{subsubsection.5.6.2.4}{\376\377\0005\000.\0006\000.\0002\000.\0004\000\040\000T\000I\000T\000L\000E\000\137\000L\000E\000N\000G\000T\000H}{subsection.5.6.2}% 31
\BOOKMARK [1][-]{section.5.7}{\376\377\0005\000.\0007\000\040\000s\000e\000l\000f\000\137\000s\000e\000r\000v\000i\000c\000e\000\137\000t\000e\000r\000m\000i\000n\000a\000l\000.\000m\000o\000d\000e\000l\000s\000\040\000N\000a\000m\000e\000s\000p\000a\000c\000e\000\040\000R\000e\000f\000e\000r\000e\000n\000c\000e}{chapter.5}% 32
\BOOKMARK [1][-]{section.5.8}{\376\377\0005\000.\0008\000\040\000s\000e\000l\000f\000\137\000s\000e\000r\000v\000i\000c\000e\000\137\000t\000e\000r\000m\000i\000n\000a\000l\000.\000p\000r\000i\000n\000t\000e\000r\000\137\000s\000t\000a\000t\000u\000s\000\040\000N\000a\000m\000e\000s\000p\000a\000c\000e\000\040\000R\000e\000f\000e\000r\000e\000n\000c\000e}{chapter.5}% 33
\BOOKMARK [2][-]{subsection.5.8.1}{\376\377\0005\000.\0008\000.\0001\000\040\000F\000u\000n\000c\000t\000i\000o\000n\000\040\000D\000o\000c\000u\000m\000e\000n\000t\000a\000t\000i\000o\000n}{section.5.8}% 34
\BOOKMARK [3][-]{subsubsection.5.8.1.1}{\376\377\0005\000.\0008\000.\0001\000.\0001\000\040\000g\000e\000t\000\137\000c\000u\000p\000s\000\137\000s\000t\000a\000t\000u\000s\000\050\000\051}{subsection.5.8.1}% 35
\BOOKMARK [1][-]{section.5.9}{\376\377\0005\000.\0009\000\040\000s\000e\000l\000f\000\137\000s\000e\000r\000v\000i\000c\000e\000\137\000t\000e\000r\000m\000i\000n\000a\000l\000.\000t\000e\000s\000t\000s\000\040\000N\000a\000m\000e\000s\000p\000a\000c\000e\000\040\000R\000e\000f\000e\000r\000e\000n\000c\000e}{chapter.5}% 36
\BOOKMARK [2][-]{subsection.5.9.1}{\376\377\0005\000.\0009\000.\0001\000\040\000D\000e\000t\000a\000i\000l\000e\000d\000\040\000D\000e\000s\000c\000r\000i\000p\000t\000i\000o\000n}{section.5.9}% 37
\BOOKMARK [1][-]{section.5.10}{\376\377\0005\000.\0001\0000\000\040\000s\000e\000l\000f\000\137\000s\000e\000r\000v\000i\000c\000e\000\137\000t\000e\000r\000m\000i\000n\000a\000l\000.\000u\000r\000l\000s\000\040\000N\000a\000m\000e\000s\000p\000a\000c\000e\000\040\000R\000e\000f\000e\000r\000e\000n\000c\000e}{chapter.5}% 38
\BOOKMARK [2][-]{subsection.5.10.1}{\376\377\0005\000.\0001\0000\000.\0001\000\040\000D\000e\000t\000a\000i\000l\000e\000d\000\040\000D\000e\000s\000c\000r\000i\000p\000t\000i\000o\000n}{section.5.10}% 39
\BOOKMARK [2][-]{subsection.5.10.2}{\376\377\0005\000.\0001\0000\000.\0002\000\040\000V\000a\000r\000i\000a\000b\000l\000e\000\040\000D\000o\000c\000u\000m\000e\000n\000t\000a\000t\000i\000o\000n}{section.5.10}% 40
\BOOKMARK [3][-]{subsubsection.5.10.2.1}{\376\377\0005\000.\0001\0000\000.\0002\000.\0001\000\040\000d\000o\000c\000u\000m\000e\000n\000t\000\137\000r\000o\000o\000t}{subsection.5.10.2}% 41
\BOOKMARK [3][-]{subsubsection.5.10.2.2}{\376\377\0005\000.\0001\0000\000.\0002\000.\0002\000\040\000M\000E\000D\000I\000A\000\137\000U\000R\000L}{subsection.5.10.2}% 42
\BOOKMARK [3][-]{subsubsection.5.10.2.3}{\376\377\0005\000.\0001\0000\000.\0002\000.\0003\000\040\000u\000r\000l\000p\000a\000t\000t\000e\000r\000n\000s}{subsection.5.10.2}% 43
\BOOKMARK [1][-]{section.5.11}{\376\377\0005\000.\0001\0001\000\040\000s\000e\000l\000f\000\137\000s\000e\000r\000v\000i\000c\000e\000\137\000t\000e\000r\000m\000i\000n\000a\000l\000.\000v\000i\000e\000w\000s\000\040\000N\000a\000m\000e\000s\000p\000a\000c\000e\000\040\000R\000e\000f\000e\000r\000e\000n\000c\000e}{chapter.5}% 44
\BOOKMARK [2][-]{subsection.5.11.1}{\376\377\0005\000.\0001\0001\000.\0001\000\040\000F\000u\000n\000c\000t\000i\000o\000n\000\040\000D\000o\000c\000u\000m\000e\000n\000t\000a\000t\000i\000o\000n}{section.5.11}% 45
\BOOKMARK [3][-]{subsubsection.5.11.1.1}{\376\377\0005\000.\0001\0001\000.\0001\000.\0001\000\040\000e\000x\000p\000o\000r\000t\000\137\000a\000c\000t\000i\000o\000n\000\050\000\051}{subsection.5.11.1}% 46
\BOOKMARK [3][-]{subsubsection.5.11.1.2}{\376\377\0005\000.\0001\0001\000.\0001\000.\0002\000\040\000e\000x\000p\000o\000r\000t\000\137\000v\000i\000e\000w\000\050\000\051}{subsection.5.11.1}% 47
\BOOKMARK [3][-]{subsubsection.5.11.1.3}{\376\377\0005\000.\0001\0001\000.\0001\000.\0003\000\040\000f\000o\000r\000m\000u\000l\000a\000r\000\050\000\051}{subsection.5.11.1}% 48
\BOOKMARK [3][-]{subsubsection.5.11.1.4}{\376\377\0005\000.\0001\0001\000.\0001\000.\0004\000\040\000g\000e\000t\000\137\000h\000o\000m\000e\000p\000a\000g\000e\000\050\000\051}{subsection.5.11.1}% 49
\BOOKMARK [3][-]{subsubsection.5.11.1.5}{\376\377\0005\000.\0001\0001\000.\0001\000.\0005\000\040\000g\000e\000t\000\137\000s\000e\000t\000t\000i\000n\000g\000s\000\050\000\051}{subsection.5.11.1}% 50
\BOOKMARK [3][-]{subsubsection.5.11.1.6}{\376\377\0005\000.\0001\0001\000.\0001\000.\0006\000\040\000i\000m\000p\000o\000r\000t\000\137\000v\000i\000e\000w\000\050\000\051}{subsection.5.11.1}% 51
\BOOKMARK [3][-]{subsubsection.5.11.1.7}{\376\377\0005\000.\0001\0001\000.\0001\000.\0007\000\040\000i\000n\000d\000e\000x\000\050\000\051}{subsection.5.11.1}% 52
\BOOKMARK [3][-]{subsubsection.5.11.1.8}{\376\377\0005\000.\0001\0001\000.\0001\000.\0008\000\040\000m\000e\000n\000u\000\050\000\051}{subsection.5.11.1}% 53
\BOOKMARK [3][-]{subsubsection.5.11.1.9}{\376\377\0005\000.\0001\0001\000.\0001\000.\0009\000\040\000m\000e\000n\000u\000\137\000t\000e\000m\000p\000l\000a\000t\000e\000\137\000t\000e\000s\000t\000\050\000\051}{subsection.5.11.1}% 54
\BOOKMARK [3][-]{subsubsection.5.11.1.10}{\376\377\0005\000.\0001\0001\000.\0001\000.\0001\0000\000\040\000p\000r\000i\000n\000t\000\137\000f\000o\000r\000m\000u\000l\000a\000r\000\050\000\051}{subsection.5.11.1}% 55
\BOOKMARK [3][-]{subsubsection.5.11.1.11}{\376\377\0005\000.\0001\0001\000.\0001\000.\0001\0001\000\040\000v\000i\000e\000w\000\137\000f\000o\000r\000m\000u\000l\000a\000r\000\050\000\051}{subsection.5.11.1}% 56
\BOOKMARK [1][-]{section.5.12}{\376\377\0005\000.\0001\0002\000\040\000s\000p\0004\000\040\000N\000a\000m\000e\000s\000p\000a\000c\000e\000\040\000R\000e\000f\000e\000r\000e\000n\000c\000e}{chapter.5}% 57
\BOOKMARK [1][-]{section.5.13}{\376\377\0005\000.\0001\0003\000\040\000s\000p\0004\000.\000a\000s\000g\000i\000\040\000N\000a\000m\000e\000s\000p\000a\000c\000e\000\040\000R\000e\000f\000e\000r\000e\000n\000c\000e}{chapter.5}% 58
\BOOKMARK [2][-]{subsection.5.13.1}{\376\377\0005\000.\0001\0003\000.\0001\000\040\000D\000e\000t\000a\000i\000l\000e\000d\000\040\000D\000e\000s\000c\000r\000i\000p\000t\000i\000o\000n}{section.5.13}% 59
\BOOKMARK [2][-]{subsection.5.13.2}{\376\377\0005\000.\0001\0003\000.\0002\000\040\000V\000a\000r\000i\000a\000b\000l\000e\000\040\000D\000o\000c\000u\000m\000e\000n\000t\000a\000t\000i\000o\000n}{section.5.13}% 60
\BOOKMARK [3][-]{subsubsection.5.13.2.1}{\376\377\0005\000.\0001\0003\000.\0002\000.\0001\000\040\000a\000p\000p\000l\000i\000c\000a\000t\000i\000o\000n}{subsection.5.13.2}% 61
\BOOKMARK [1][-]{section.5.14}{\376\377\0005\000.\0001\0004\000\040\000s\000p\0004\000.\000s\000e\000t\000t\000i\000n\000g\000s\000\040\000N\000a\000m\000e\000s\000p\000a\000c\000e\000\040\000R\000e\000f\000e\000r\000e\000n\000c\000e}{chapter.5}% 62
\BOOKMARK [2][-]{subsection.5.14.1}{\376\377\0005\000.\0001\0004\000.\0001\000\040\000D\000e\000t\000a\000i\000l\000e\000d\000\040\000D\000e\000s\000c\000r\000i\000p\000t\000i\000o\000n}{section.5.14}% 63
\BOOKMARK [2][-]{subsection.5.14.2}{\376\377\0005\000.\0001\0004\000.\0002\000\040\000V\000a\000r\000i\000a\000b\000l\000e\000\040\000D\000o\000c\000u\000m\000e\000n\000t\000a\000t\000i\000o\000n}{section.5.14}% 64
\BOOKMARK [3][-]{subsubsection.5.14.2.1}{\376\377\0005\000.\0001\0004\000.\0002\000.\0001\000\040\000A\000L\000L\000O\000W\000E\000D\000\137\000H\000O\000S\000T\000S}{subsection.5.14.2}% 65
\BOOKMARK [3][-]{subsubsection.5.14.2.2}{\376\377\0005\000.\0001\0004\000.\0002\000.\0002\000\040\000A\000U\000T\000H\000\137\000P\000A\000S\000S\000W\000O\000R\000D\000\137\000V\000A\000L\000I\000D\000A\000T\000O\000R\000S}{subsection.5.14.2}% 66
\BOOKMARK [3][-]{subsubsection.5.14.2.3}{\376\377\0005\000.\0001\0004\000.\0002\000.\0003\000\040\000B\000A\000S\000E\000\137\000D\000I\000R}{subsection.5.14.2}% 67
\BOOKMARK [3][-]{subsubsection.5.14.2.4}{\376\377\0005\000.\0001\0004\000.\0002\000.\0004\000\040\000D\000A\000T\000A\000B\000A\000S\000E\000S}{subsection.5.14.2}% 68
\BOOKMARK [3][-]{subsubsection.5.14.2.5}{\376\377\0005\000.\0001\0004\000.\0002\000.\0005\000\040\000D\000E\000B\000U\000G}{subsection.5.14.2}% 69
\BOOKMARK [3][-]{subsubsection.5.14.2.6}{\376\377\0005\000.\0001\0004\000.\0002\000.\0006\000\040\000I\000M\000P\000O\000R\000T\000\137\000E\000X\000P\000O\000R\000T\000\137\000U\000S\000E\000\137\000T\000R\000A\000N\000S\000A\000C\000T\000I\000O\000N\000S}{subsection.5.14.2}% 70
\BOOKMARK [3][-]{subsubsection.5.14.2.7}{\376\377\0005\000.\0001\0004\000.\0002\000.\0007\000\040\000I\000N\000S\000T\000A\000L\000L\000E\000D\000\137\000A\000P\000P\000S}{subsection.5.14.2}% 71
\BOOKMARK [3][-]{subsubsection.5.14.2.8}{\376\377\0005\000.\0001\0004\000.\0002\000.\0008\000\040\000L\000A\000N\000G\000U\000A\000G\000E\000\137\000C\000O\000D\000E}{subsection.5.14.2}% 72
\BOOKMARK [3][-]{subsubsection.5.14.2.9}{\376\377\0005\000.\0001\0004\000.\0002\000.\0009\000\040\000M\000E\000D\000I\000A\000\137\000R\000O\000O\000T}{subsection.5.14.2}% 73
\BOOKMARK [3][-]{subsubsection.5.14.2.10}{\376\377\0005\000.\0001\0004\000.\0002\000.\0001\0000\000\040\000M\000E\000D\000I\000A\000\137\000U\000R\000L}{subsection.5.14.2}% 74
\BOOKMARK [3][-]{subsubsection.5.14.2.11}{\376\377\0005\000.\0001\0004\000.\0002\000.\0001\0001\000\040\000M\000I\000D\000D\000L\000E\000W\000A\000R\000E}{subsection.5.14.2}% 75
\BOOKMARK [3][-]{subsubsection.5.14.2.12}{\376\377\0005\000.\0001\0004\000.\0002\000.\0001\0002\000\040\000R\000O\000O\000T\000\137\000U\000R\000L\000C\000O\000N\000F}{subsection.5.14.2}% 76
\BOOKMARK [3][-]{subsubsection.5.14.2.13}{\376\377\0005\000.\0001\0004\000.\0002\000.\0001\0003\000\040\000S\000E\000C\000R\000E\000T\000\137\000K\000E\000Y}{subsection.5.14.2}% 77
\BOOKMARK [3][-]{subsubsection.5.14.2.14}{\376\377\0005\000.\0001\0004\000.\0002\000.\0001\0004\000\040\000S\000T\000A\000T\000I\000C\000\137\000R\000O\000O\000T}{subsection.5.14.2}% 78
\BOOKMARK [3][-]{subsubsection.5.14.2.15}{\376\377\0005\000.\0001\0004\000.\0002\000.\0001\0005\000\040\000S\000T\000A\000T\000I\000C\000\137\000U\000R\000L}{subsection.5.14.2}% 79
\BOOKMARK [3][-]{subsubsection.5.14.2.16}{\376\377\0005\000.\0001\0004\000.\0002\000.\0001\0006\000\040\000T\000E\000M\000P\000L\000A\000T\000E\000S}{subsection.5.14.2}% 80
\BOOKMARK [3][-]{subsubsection.5.14.2.17}{\376\377\0005\000.\0001\0004\000.\0002\000.\0001\0007\000\040\000T\000I\000M\000E\000\137\000Z\000O\000N\000E}{subsection.5.14.2}% 81
\BOOKMARK [3][-]{subsubsection.5.14.2.18}{\376\377\0005\000.\0001\0004\000.\0002\000.\0001\0008\000\040\000U\000S\000E\000\137\000I\0001\0008\000N}{subsection.5.14.2}% 82
\BOOKMARK [3][-]{subsubsection.5.14.2.19}{\376\377\0005\000.\0001\0004\000.\0002\000.\0001\0009\000\040\000U\000S\000E\000\137\000L\0001\0000\000N}{subsection.5.14.2}% 83
\BOOKMARK [3][-]{subsubsection.5.14.2.20}{\376\377\0005\000.\0001\0004\000.\0002\000.\0002\0000\000\040\000U\000S\000E\000\137\000T\000Z}{subsection.5.14.2}% 84
\BOOKMARK [3][-]{subsubsection.5.14.2.21}{\376\377\0005\000.\0001\0004\000.\0002\000.\0002\0001\000\040\000W\000S\000G\000I\000\137\000A\000P\000P\000L\000I\000C\000A\000T\000I\000O\000N}{subsection.5.14.2}% 85
\BOOKMARK [1][-]{section.5.15}{\376\377\0005\000.\0001\0005\000\040\000s\000p\0004\000.\000u\000r\000l\000s\000\040\000N\000a\000m\000e\000s\000p\000a\000c\000e\000\040\000R\000e\000f\000e\000r\000e\000n\000c\000e}{chapter.5}% 86
\BOOKMARK [2][-]{subsection.5.15.1}{\376\377\0005\000.\0001\0005\000.\0001\000\040\000D\000e\000t\000a\000i\000l\000e\000d\000\040\000D\000e\000s\000c\000r\000i\000p\000t\000i\000o\000n}{section.5.15}% 87
\BOOKMARK [1][-]{section.5.16}{\376\377\0005\000.\0001\0006\000\040\000s\000p\0004\000.\000w\000s\000g\000i\000\040\000N\000a\000m\000e\000s\000p\000a\000c\000e\000\040\000R\000e\000f\000e\000r\000e\000n\000c\000e}{chapter.5}% 88
\BOOKMARK [2][-]{subsection.5.16.1}{\376\377\0005\000.\0001\0006\000.\0001\000\040\000D\000e\000t\000a\000i\000l\000e\000d\000\040\000D\000e\000s\000c\000r\000i\000p\000t\000i\000o\000n}{section.5.16}% 89
\BOOKMARK [2][-]{subsection.5.16.2}{\376\377\0005\000.\0001\0006\000.\0002\000\040\000V\000a\000r\000i\000a\000b\000l\000e\000\040\000D\000o\000c\000u\000m\000e\000n\000t\000a\000t\000i\000o\000n}{section.5.16}% 90
\BOOKMARK [3][-]{subsubsection.5.16.2.1}{\376\377\0005\000.\0001\0006\000.\0002\000.\0001\000\040\000a\000p\000p\000l\000i\000c\000a\000t\000i\000o\000n}{subsection.5.16.2}% 91
\BOOKMARK [0][-]{chapter.6}{\376\377\0006\000\040\000C\000l\000a\000s\000s\000\040\000D\000o\000c\000u\000m\000e\000n\000t\000a\000t\000i\000o\000n}{}% 92
\BOOKMARK [1][-]{section.6.1}{\376\377\0006\000.\0001\000\040\000s\000e\000l\000f\000\137\000s\000e\000r\000v\000i\000c\000e\000\137\000t\000e\000r\000m\000i\000n\000a\000l\000.\000t\000e\000s\000t\000s\000.\000D\000e\000f\000a\000u\000l\000t\000T\000e\000s\000t\000C\000a\000s\000e\000\040\000C\000l\000a\000s\000s\000\040\000R\000e\000f\000e\000r\000e\000n\000c\000e}{chapter.6}% 93
\BOOKMARK [2][-]{subsection.6.1.1}{\376\377\0006\000.\0001\000.\0001\000\040\000D\000e\000t\000a\000i\000l\000e\000d\000\040\000D\000e\000s\000c\000r\000i\000p\000t\000i\000o\000n}{section.6.1}% 94
\BOOKMARK [2][-]{subsection.6.1.2}{\376\377\0006\000.\0001\000.\0002\000\040\000M\000e\000m\000b\000e\000r\000\040\000F\000u\000n\000c\000t\000i\000o\000n\000\040\000D\000o\000c\000u\000m\000e\000n\000t\000a\000t\000i\000o\000n}{section.6.1}% 95
\BOOKMARK [3][-]{subsubsection.6.1.2.1}{\376\377\0006\000.\0001\000.\0002\000.\0001\000\040\000s\000e\000t\000U\000p\000\050\000\051}{subsection.6.1.2}% 96
\BOOKMARK [3][-]{subsubsection.6.1.2.2}{\376\377\0006\000.\0001\000.\0002\000.\0002\000\040\000t\000e\000s\000t\000\137\000c\000h\000a\000n\000g\000e\000\137\000c\000o\000l\000o\000r\000\137\000v\000a\000l\000u\000e\000s\000\050\000\051}{subsection.6.1.2}% 97
\BOOKMARK [3][-]{subsubsection.6.1.2.3}{\376\377\0006\000.\0001\000.\0002\000.\0003\000\040\000t\000e\000s\000t\000\137\000c\000u\000p\000s\000\137\000a\000v\000a\000i\000l\000a\000b\000i\000l\000i\000t\000y\000\050\000\051}{subsection.6.1.2}% 98
\BOOKMARK [3][-]{subsubsection.6.1.2.4}{\376\377\0006\000.\0001\000.\0002\000.\0004\000\040\000t\000e\000s\000t\000\137\000f\000o\000r\000m\000\137\000a\000v\000a\000i\000l\000a\000b\000i\000l\000i\000t\000y\000\050\000\051}{subsection.6.1.2}% 99
\BOOKMARK [3][-]{subsubsection.6.1.2.5}{\376\377\0006\000.\0001\000.\0002\000.\0005\000\040\000t\000e\000s\000t\000\137\000g\000e\000t\000\137\000s\000e\000t\000t\000i\000n\000g\000s\000\050\000\051}{subsection.6.1.2}% 100
\BOOKMARK [3][-]{subsubsection.6.1.2.6}{\376\377\0006\000.\0001\000.\0002\000.\0006\000\040\000t\000e\000s\000t\000\137\000h\000o\000m\000e\000p\000a\000g\000e\000\137\000a\000v\000a\000i\000l\000a\000b\000i\000l\000i\000t\000y\000\050\000\051}{subsection.6.1.2}% 101
\BOOKMARK [3][-]{subsubsection.6.1.2.7}{\376\377\0006\000.\0001\000.\0002\000.\0007\000\040\000t\000e\000s\000t\000\137\000m\000e\000n\000u\000\137\0001\000\050\000\051}{subsection.6.1.2}% 102
\BOOKMARK [3][-]{subsubsection.6.1.2.8}{\376\377\0006\000.\0001\000.\0002\000.\0008\000\040\000t\000e\000s\000t\000\137\000m\000e\000n\000u\000\137\000a\000v\000a\000i\000l\000a\000b\000i\000l\000i\000t\000y\000\050\000\051}{subsection.6.1.2}% 103
\BOOKMARK [3][-]{subsubsection.6.1.2.9}{\376\377\0006\000.\0001\000.\0002\000.\0009\000\040\000t\000e\000s\000t\000\137\000p\000a\000g\000i\000n\000a\000t\000i\000o\000n\000\050\000\051}{subsection.6.1.2}% 104
\BOOKMARK [3][-]{subsubsection.6.1.2.10}{\376\377\0006\000.\0001\000.\0002\000.\0001\0000\000\040\000t\000e\000s\000t\000\137\000p\000d\000f\000\137\000d\000a\000t\000a\000b\000a\000s\000e\000\137\000r\000e\000l\000a\000t\000i\000o\000n\000\050\000\051}{subsection.6.1.2}% 105
\BOOKMARK [3][-]{subsubsection.6.1.2.11}{\376\377\0006\000.\0001\000.\0002\000.\0001\0001\000\040\000t\000e\000s\000t\000\137\000p\000d\000f\000\137\000f\000i\000l\000e\000\137\000e\000x\000i\000s\000t\000s\000\050\000\051}{subsection.6.1.2}% 106
\BOOKMARK [3][-]{subsubsection.6.1.2.12}{\376\377\0006\000.\0001\000.\0002\000.\0001\0002\000\040\000t\000e\000s\000t\000\137\000p\000r\000i\000n\000t\000\137\000r\000e\000t\000u\000r\000n\000\137\000c\000o\000d\000e\000\050\000\051}{subsection.6.1.2}% 107
\BOOKMARK [3][-]{subsubsection.6.1.2.13}{\376\377\0006\000.\0001\000.\0002\000.\0001\0003\000\040\000t\000e\000s\000t\000\137\000u\000s\000e\000r\000\137\000n\000a\000v\000i\000g\000a\000t\000i\000o\000n\000\050\000\051}{subsection.6.1.2}% 108
\BOOKMARK [2][-]{subsection.6.1.3}{\376\377\0006\000.\0001\000.\0003\000\040\000M\000e\000m\000b\000e\000r\000\040\000D\000a\000t\000a\000\040\000D\000o\000c\000u\000m\000e\000n\000t\000a\000t\000i\000o\000n}{section.6.1}% 109
\BOOKMARK [3][-]{subsubsection.6.1.3.1}{\376\377\0006\000.\0001\000.\0003\000.\0001\000\040\000c}{subsection.6.1.3}% 110
\BOOKMARK [3][-]{subsubsection.6.1.3.2}{\376\377\0006\000.\0001\000.\0003\000.\0002\000\040\000c\000u\000s\000t\000o\000m\000\137\000f\000o\000r\000m}{subsection.6.1.3}% 111
\BOOKMARK [3][-]{subsubsection.6.1.3.3}{\376\377\0006\000.\0001\000.\0003\000.\0003\000\040\000f\000o\000r\000m}{subsection.6.1.3}% 112
\BOOKMARK [3][-]{subsubsection.6.1.3.4}{\376\377\0006\000.\0001\000.\0003\000.\0004\000\040\000f\000o\000r\000m\0002}{subsection.6.1.3}% 113
\BOOKMARK [3][-]{subsubsection.6.1.3.5}{\376\377\0006\000.\0001\000.\0003\000.\0005\000\040\000m\000e\000n\000u}{subsection.6.1.3}% 114
\BOOKMARK [3][-]{subsubsection.6.1.3.6}{\376\377\0006\000.\0001\000.\0003\000.\0006\000\040\000s\000u\000b\000m\000e\000n\000u}{subsection.6.1.3}% 115
\BOOKMARK [3][-]{subsubsection.6.1.3.7}{\376\377\0006\000.\0001\000.\0003\000.\0007\000\040\000t\000e\000r\000m\000i\000n\000a\000l\000\137\000s\000e\000t\000t\000i\000n\000g\000s}{subsection.6.1.3}% 116
\BOOKMARK [1][-]{section.6.2}{\376\377\0006\000.\0002\000\040\000s\000e\000l\000f\000\137\000s\000e\000r\000v\000i\000c\000e\000\137\000t\000e\000r\000m\000i\000n\000a\000l\000.\000t\000e\000s\000t\000s\000.\000E\000x\000p\000o\000r\000t\000I\000m\000p\000o\000r\000t\000T\000e\000s\000t\000C\000a\000s\000e\000\040\000C\000l\000a\000s\000s\000\040\000R\000e\000f\000e\000r\000e\000n\000c\000e}{chapter.6}% 117
\BOOKMARK [2][-]{subsection.6.2.1}{\376\377\0006\000.\0002\000.\0001\000\040\000D\000e\000t\000a\000i\000l\000e\000d\000\040\000D\000e\000s\000c\000r\000i\000p\000t\000i\000o\000n}{section.6.2}% 118
\BOOKMARK [2][-]{subsection.6.2.2}{\376\377\0006\000.\0002\000.\0002\000\040\000M\000e\000m\000b\000e\000r\000\040\000F\000u\000n\000c\000t\000i\000o\000n\000\040\000D\000o\000c\000u\000m\000e\000n\000t\000a\000t\000i\000o\000n}{section.6.2}% 119
\BOOKMARK [3][-]{subsubsection.6.2.2.1}{\376\377\0006\000.\0002\000.\0002\000.\0001\000\040\000s\000e\000t\000U\000p\000\050\000\051}{subsection.6.2.2}% 120
\BOOKMARK [3][-]{subsubsection.6.2.2.2}{\376\377\0006\000.\0002\000.\0002\000.\0002\000\040\000t\000e\000s\000t\000\137\000e\000x\000p\000o\000r\000t\000\137\000a\000s\000\137\000s\000t\000r\000i\000n\000g\000\050\000\051}{subsection.6.2.2}% 121
\BOOKMARK [3][-]{subsubsection.6.2.2.3}{\376\377\0006\000.\0002\000.\0002\000.\0003\000\040\000t\000e\000s\000t\000\137\000e\000x\000p\000o\000r\000t\000\137\000i\000m\000p\000o\000r\000t\000\137\000i\000n\000\137\000f\000i\000l\000e\000\050\000\051}{subsection.6.2.2}% 122
\BOOKMARK [3][-]{subsubsection.6.2.2.4}{\376\377\0006\000.\0002\000.\0002\000.\0004\000\040\000t\000e\000s\000t\000\137\000n\000u\000m\000b\000e\000r\000\137\000o\000f\000\137\000d\000b\000\137\000e\000n\000t\000r\000i\000e\000s\000\137\000w\000h\000e\000n\000\137\000i\000m\000p\000o\000r\000t\000\137\000a\000s\000\137\000s\000t\000r\000i\000n\000g\000\050\000\051}{subsection.6.2.2}% 123
\BOOKMARK [2][-]{subsection.6.2.3}{\376\377\0006\000.\0002\000.\0003\000\040\000M\000e\000m\000b\000e\000r\000\040\000D\000a\000t\000a\000\040\000D\000o\000c\000u\000m\000e\000n\000t\000a\000t\000i\000o\000n}{section.6.2}% 124
\BOOKMARK [3][-]{subsubsection.6.2.3.1}{\376\377\0006\000.\0002\000.\0003\000.\0001\000\040\000c}{subsection.6.2.3}% 125
\BOOKMARK [3][-]{subsubsection.6.2.3.2}{\376\377\0006\000.\0002\000.\0003\000.\0002\000\040\000e\000x\000p\000e\000c\000t\000e\000d\000\137\000o\000b\000j\000e\000c\000t}{subsection.6.2.3}% 126
\BOOKMARK [3][-]{subsubsection.6.2.3.3}{\376\377\0006\000.\0002\000.\0003\000.\0003\000\040\000f\000o\000r\000m}{subsection.6.2.3}% 127
\BOOKMARK [3][-]{subsubsection.6.2.3.4}{\376\377\0006\000.\0002\000.\0003\000.\0004\000\040\000f\000o\000r\000m\0002}{subsection.6.2.3}% 128
\BOOKMARK [3][-]{subsubsection.6.2.3.5}{\376\377\0006\000.\0002\000.\0003\000.\0005\000\040\000m\000e\000n\000u}{subsection.6.2.3}% 129
\BOOKMARK [3][-]{subsubsection.6.2.3.6}{\376\377\0006\000.\0002\000.\0003\000.\0006\000\040\000s\000u\000b\000m\000e\000n\000u}{subsection.6.2.3}% 130
\BOOKMARK [3][-]{subsubsection.6.2.3.7}{\376\377\0006\000.\0002\000.\0003\000.\0007\000\040\000t\000e\000r\000m\000i\000n\000a\000l\000\137\000s\000e\000t\000t\000i\000n\000g\000s}{subsection.6.2.3}% 131
\BOOKMARK [1][-]{section.6.3}{\376\377\0006\000.\0003\000\040\000s\000e\000l\000f\000\137\000s\000e\000r\000v\000i\000c\000e\000\137\000t\000e\000r\000m\000i\000n\000a\000l\000.\000m\000o\000d\000e\000l\000s\000.\000F\000o\000r\000m\000\040\000C\000l\000a\000s\000s\000\040\000R\000e\000f\000e\000r\000e\000n\000c\000e}{chapter.6}% 132
\BOOKMARK [2][-]{subsection.6.3.1}{\376\377\0006\000.\0003\000.\0001\000\040\000D\000e\000t\000a\000i\000l\000e\000d\000\040\000D\000e\000s\000c\000r\000i\000p\000t\000i\000o\000n}{section.6.3}% 133
\BOOKMARK [2][-]{subsection.6.3.2}{\376\377\0006\000.\0003\000.\0002\000\040\000M\000e\000m\000b\000e\000r\000\040\000F\000u\000n\000c\000t\000i\000o\000n\000\040\000D\000o\000c\000u\000m\000e\000n\000t\000a\000t\000i\000o\000n}{section.6.3}% 134
\BOOKMARK [3][-]{subsubsection.6.3.2.1}{\376\377\0006\000.\0003\000.\0002\000.\0001\000\040\000\137\000\137\000s\000t\000r\000\137\000\137\000\050\000\051}{subsection.6.3.2}% 135
\BOOKMARK [3][-]{subsubsection.6.3.2.2}{\376\377\0006\000.\0003\000.\0002\000.\0002\000\040\000p\000r\000i\000n\000t\000\137\000f\000o\000r\000m\000\050\000\051}{subsection.6.3.2}% 136
\BOOKMARK [3][-]{subsubsection.6.3.2.3}{\376\377\0006\000.\0003\000.\0002\000.\0003\000\040\000t\000i\000m\000e\000\137\000s\000i\000n\000c\000e\000\137\000l\000a\000s\000t\000\137\000u\000p\000d\000a\000t\000e\000d\000\050\000\051}{subsection.6.3.2}% 137
\BOOKMARK [3][-]{subsubsection.6.3.2.4}{\376\377\0006\000.\0003\000.\0002\000.\0004\000\040\000t\000i\000m\000e\000\137\000s\000i\000n\000c\000e\000\137\000l\000a\000s\000t\000\137\000u\000p\000d\000a\000t\000e\000d\000\137\000s\000t\000r\000\050\000\051}{subsection.6.3.2}% 138
\BOOKMARK [2][-]{subsection.6.3.3}{\376\377\0006\000.\0003\000.\0003\000\040\000M\000e\000m\000b\000e\000r\000\040\000D\000a\000t\000a\000\040\000D\000o\000c\000u\000m\000e\000n\000t\000a\000t\000i\000o\000n}{section.6.3}% 139
\BOOKMARK [3][-]{subsubsection.6.3.3.1}{\376\377\0006\000.\0003\000.\0003\000.\0001\000\040\000d\000e\000s\000c\000r\000i\000p\000t\000i\000o\000n}{subsection.6.3.3}% 140
\BOOKMARK [3][-]{subsubsection.6.3.3.2}{\376\377\0006\000.\0003\000.\0003\000.\0002\000\040\000f\000o\000r\000m\000\137\000t\000i\000t\000l\000e}{subsection.6.3.3}% 141
\BOOKMARK [3][-]{subsubsection.6.3.3.3}{\376\377\0006\000.\0003\000.\0003\000.\0003\000\040\000l\000a\000s\000t\000\137\000c\000h\000a\000n\000g\000e\000d}{subsection.6.3.3}% 142
\BOOKMARK [3][-]{subsubsection.6.3.3.4}{\376\377\0006\000.\0003\000.\0003\000.\0004\000\040\000p\000a\000r\000e\000n\000t\000\137\000m\000e\000n\000u}{subsection.6.3.3}% 143
\BOOKMARK [3][-]{subsubsection.6.3.3.5}{\376\377\0006\000.\0003\000.\0003\000.\0005\000\040\000p\000d\000f\000f\000i\000l\000e}{subsection.6.3.3}% 144
\BOOKMARK [3][-]{subsubsection.6.3.3.6}{\376\377\0006\000.\0003\000.\0003\000.\0006\000\040\000s\000h\000o\000r\000t\000\137\000d\000e\000s\000c\000r\000i\000p\000t\000i\000o\000n}{subsection.6.3.3}% 145
\BOOKMARK [3][-]{subsubsection.6.3.3.7}{\376\377\0006\000.\0003\000.\0003\000.\0007\000\040\000s\000h\000o\000w\000\137\000o\000n\000\137\000f\000r\000o\000n\000t\000e\000n\000d}{subsection.6.3.3}% 146
\BOOKMARK [3][-]{subsubsection.6.3.3.8}{\376\377\0006\000.\0003\000.\0003\000.\0008\000\040\000u\000p\000l\000o\000a\000d\000\137\000d\000a\000t\000e}{subsection.6.3.3}% 147
\BOOKMARK [1][-]{section.6.4}{\376\377\0006\000.\0004\000\040\000s\000e\000l\000f\000\137\000s\000e\000r\000v\000i\000c\000e\000\137\000t\000e\000r\000m\000i\000n\000a\000l\000.\000a\000d\000m\000i\000n\000.\000F\000o\000r\000m\000A\000d\000m\000i\000n\000\040\000C\000l\000a\000s\000s\000\040\000R\000e\000f\000e\000r\000e\000n\000c\000e}{chapter.6}% 148
\BOOKMARK [2][-]{subsection.6.4.1}{\376\377\0006\000.\0004\000.\0001\000\040\000D\000e\000t\000a\000i\000l\000e\000d\000\040\000D\000e\000s\000c\000r\000i\000p\000t\000i\000o\000n}{section.6.4}% 149
\BOOKMARK [2][-]{subsection.6.4.2}{\376\377\0006\000.\0004\000.\0002\000\040\000M\000e\000m\000b\000e\000r\000\040\000D\000a\000t\000a\000\040\000D\000o\000c\000u\000m\000e\000n\000t\000a\000t\000i\000o\000n}{section.6.4}% 150
\BOOKMARK [3][-]{subsubsection.6.4.2.1}{\376\377\0006\000.\0004\000.\0002\000.\0001\000\040\000f\000i\000e\000l\000d\000s\000e\000t\000s}{subsection.6.4.2}% 151
\BOOKMARK [3][-]{subsubsection.6.4.2.2}{\376\377\0006\000.\0004\000.\0002\000.\0002\000\040\000l\000i\000s\000t\000\137\000d\000i\000s\000p\000l\000a\000y}{subsection.6.4.2}% 152
\BOOKMARK [3][-]{subsubsection.6.4.2.3}{\376\377\0006\000.\0004\000.\0002\000.\0003\000\040\000l\000i\000s\000t\000\137\000f\000i\000l\000t\000e\000r}{subsection.6.4.2}% 153
\BOOKMARK [1][-]{section.6.5}{\376\377\0006\000.\0005\000\040\000s\000e\000l\000f\000\137\000s\000e\000r\000v\000i\000c\000e\000\137\000t\000e\000r\000m\000i\000n\000a\000l\000.\000a\000d\000m\000i\000n\000.\000F\000o\000r\000m\000I\000n\000l\000i\000n\000e\000\040\000C\000l\000a\000s\000s\000\040\000R\000e\000f\000e\000r\000e\000n\000c\000e}{chapter.6}% 154
\BOOKMARK [2][-]{subsection.6.5.1}{\376\377\0006\000.\0005\000.\0001\000\040\000D\000e\000t\000a\000i\000l\000e\000d\000\040\000D\000e\000s\000c\000r\000i\000p\000t\000i\000o\000n}{section.6.5}% 155
\BOOKMARK [2][-]{subsection.6.5.2}{\376\377\0006\000.\0005\000.\0002\000\040\000M\000e\000m\000b\000e\000r\000\040\000D\000a\000t\000a\000\040\000D\000o\000c\000u\000m\000e\000n\000t\000a\000t\000i\000o\000n}{section.6.5}% 156
\BOOKMARK [3][-]{subsubsection.6.5.2.1}{\376\377\0006\000.\0005\000.\0002\000.\0001\000\040\000e\000x\000t\000r\000a}{subsection.6.5.2}% 157
\BOOKMARK [3][-]{subsubsection.6.5.2.2}{\376\377\0006\000.\0005\000.\0002\000.\0002\000\040\000f\000i\000e\000l\000d\000s}{subsection.6.5.2}% 158
\BOOKMARK [3][-]{subsubsection.6.5.2.3}{\376\377\0006\000.\0005\000.\0002\000.\0003\000\040\000m\000o\000d\000e\000l}{subsection.6.5.2}% 159
\BOOKMARK [1][-]{section.6.6}{\376\377\0006\000.\0006\000\040\000s\000e\000l\000f\000\137\000s\000e\000r\000v\000i\000c\000e\000\137\000t\000e\000r\000m\000i\000n\000a\000l\000.\000a\000d\000m\000i\000n\000.\000F\000o\000r\000m\000R\000e\000s\000o\000u\000r\000c\000e\000\040\000C\000l\000a\000s\000s\000\040\000R\000e\000f\000e\000r\000e\000n\000c\000e}{chapter.6}% 160
\BOOKMARK [2][-]{subsection.6.6.1}{\376\377\0006\000.\0006\000.\0001\000\040\000D\000e\000t\000a\000i\000l\000e\000d\000\040\000D\000e\000s\000c\000r\000i\000p\000t\000i\000o\000n}{section.6.6}% 161
\BOOKMARK [1][-]{section.6.7}{\376\377\0006\000.\0007\000\040\000s\000e\000l\000f\000\137\000s\000e\000r\000v\000i\000c\000e\000\137\000t\000e\000r\000m\000i\000n\000a\000l\000.\000m\000o\000d\000e\000l\000s\000.\000M\000e\000n\000u\000\040\000C\000l\000a\000s\000s\000\040\000R\000e\000f\000e\000r\000e\000n\000c\000e}{chapter.6}% 162
\BOOKMARK [2][-]{subsection.6.7.1}{\376\377\0006\000.\0007\000.\0001\000\040\000D\000e\000t\000a\000i\000l\000e\000d\000\040\000D\000e\000s\000c\000r\000i\000p\000t\000i\000o\000n}{section.6.7}% 163
\BOOKMARK [2][-]{subsection.6.7.2}{\376\377\0006\000.\0007\000.\0002\000\040\000M\000e\000m\000b\000e\000r\000\040\000F\000u\000n\000c\000t\000i\000o\000n\000\040\000D\000o\000c\000u\000m\000e\000n\000t\000a\000t\000i\000o\000n}{section.6.7}% 164
\BOOKMARK [3][-]{subsubsection.6.7.2.1}{\376\377\0006\000.\0007\000.\0002\000.\0001\000\040\000\137\000\137\000s\000t\000r\000\137\000\137\000\050\000\051}{subsection.6.7.2}% 165
\BOOKMARK [2][-]{subsection.6.7.3}{\376\377\0006\000.\0007\000.\0003\000\040\000M\000e\000m\000b\000e\000r\000\040\000D\000a\000t\000a\000\040\000D\000o\000c\000u\000m\000e\000n\000t\000a\000t\000i\000o\000n}{section.6.7}% 166
\BOOKMARK [3][-]{subsubsection.6.7.3.1}{\376\377\0006\000.\0007\000.\0003\000.\0001\000\040\000m\000e\000n\000u\000\137\000t\000e\000x\000t}{subsection.6.7.3}% 167
\BOOKMARK [3][-]{subsubsection.6.7.3.2}{\376\377\0006\000.\0007\000.\0003\000.\0002\000\040\000m\000e\000n\000u\000\137\000t\000i\000t\000l\000e}{subsection.6.7.3}% 168
\BOOKMARK [3][-]{subsubsection.6.7.3.3}{\376\377\0006\000.\0007\000.\0003\000.\0003\000\040\000p\000a\000r\000e\000n\000t\000\137\000m\000e\000n\000u}{subsection.6.7.3}% 169
\BOOKMARK [1][-]{section.6.8}{\376\377\0006\000.\0008\000\040\000s\000e\000l\000f\000\137\000s\000e\000r\000v\000i\000c\000e\000\137\000t\000e\000r\000m\000i\000n\000a\000l\000.\000a\000d\000m\000i\000n\000.\000M\000e\000n\000u\000A\000d\000m\000i\000n\000\040\000C\000l\000a\000s\000s\000\040\000R\000e\000f\000e\000r\000e\000n\000c\000e}{chapter.6}% 170
\BOOKMARK [2][-]{subsection.6.8.1}{\376\377\0006\000.\0008\000.\0001\000\040\000D\000e\000t\000a\000i\000l\000e\000d\000\040\000D\000e\000s\000c\000r\000i\000p\000t\000i\000o\000n}{section.6.8}% 171
\BOOKMARK [2][-]{subsection.6.8.2}{\376\377\0006\000.\0008\000.\0002\000\040\000M\000e\000m\000b\000e\000r\000\040\000D\000a\000t\000a\000\040\000D\000o\000c\000u\000m\000e\000n\000t\000a\000t\000i\000o\000n}{section.6.8}% 172
\BOOKMARK [3][-]{subsubsection.6.8.2.1}{\376\377\0006\000.\0008\000.\0002\000.\0001\000\040\000f\000i\000e\000l\000d\000s\000e\000t\000s}{subsection.6.8.2}% 173
\BOOKMARK [3][-]{subsubsection.6.8.2.2}{\376\377\0006\000.\0008\000.\0002\000.\0002\000\040\000i\000n\000l\000i\000n\000e\000s}{subsection.6.8.2}% 174
\BOOKMARK [1][-]{section.6.9}{\376\377\0006\000.\0009\000\040\000s\000e\000l\000f\000\137\000s\000e\000r\000v\000i\000c\000e\000\137\000t\000e\000r\000m\000i\000n\000a\000l\000.\000a\000d\000m\000i\000n\000.\000M\000e\000n\000u\000I\000n\000l\000i\000n\000e\000\040\000C\000l\000a\000s\000s\000\040\000R\000e\000f\000e\000r\000e\000n\000c\000e}{chapter.6}% 175
\BOOKMARK [2][-]{subsection.6.9.1}{\376\377\0006\000.\0009\000.\0001\000\040\000D\000e\000t\000a\000i\000l\000e\000d\000\040\000D\000e\000s\000c\000r\000i\000p\000t\000i\000o\000n}{section.6.9}% 176
\BOOKMARK [2][-]{subsection.6.9.2}{\376\377\0006\000.\0009\000.\0002\000\040\000M\000e\000m\000b\000e\000r\000\040\000D\000a\000t\000a\000\040\000D\000o\000c\000u\000m\000e\000n\000t\000a\000t\000i\000o\000n}{section.6.9}% 177
\BOOKMARK [3][-]{subsubsection.6.9.2.1}{\376\377\0006\000.\0009\000.\0002\000.\0001\000\040\000e\000x\000t\000r\000a}{subsection.6.9.2}% 178
\BOOKMARK [3][-]{subsubsection.6.9.2.2}{\376\377\0006\000.\0009\000.\0002\000.\0002\000\040\000f\000i\000e\000l\000d\000s}{subsection.6.9.2}% 179
\BOOKMARK [3][-]{subsubsection.6.9.2.3}{\376\377\0006\000.\0009\000.\0002\000.\0003\000\040\000m\000o\000d\000e\000l}{subsection.6.9.2}% 180
\BOOKMARK [1][-]{section.6.10}{\376\377\0006\000.\0001\0000\000\040\000s\000e\000l\000f\000\137\000s\000e\000r\000v\000i\000c\000e\000\137\000t\000e\000r\000m\000i\000n\000a\000l\000.\000a\000d\000m\000i\000n\000.\000M\000e\000n\000u\000R\000e\000s\000o\000u\000r\000c\000e\000\040\000C\000l\000a\000s\000s\000\040\000R\000e\000f\000e\000r\000e\000n\000c\000e}{chapter.6}% 181
\BOOKMARK [2][-]{subsection.6.10.1}{\376\377\0006\000.\0001\0000\000.\0001\000\040\000D\000e\000t\000a\000i\000l\000e\000d\000\040\000D\000e\000s\000c\000r\000i\000p\000t\000i\000o\000n}{section.6.10}% 182
\BOOKMARK [1][-]{section.6.11}{\376\377\0006\000.\0001\0001\000\040\000s\000e\000l\000f\000\137\000s\000e\000r\000v\000i\000c\000e\000\137\000t\000e\000r\000m\000i\000n\000a\000l\000.\000m\000o\000d\000e\000l\000s\000.\000M\000e\000n\000u\000.\000M\000e\000t\000a\000\040\000C\000l\000a\000s\000s\000\040\000R\000e\000f\000e\000r\000e\000n\000c\000e}{chapter.6}% 183
\BOOKMARK [2][-]{subsection.6.11.1}{\376\377\0006\000.\0001\0001\000.\0001\000\040\000D\000e\000t\000a\000i\000l\000e\000d\000\040\000D\000e\000s\000c\000r\000i\000p\000t\000i\000o\000n}{section.6.11}% 184
\BOOKMARK [2][-]{subsection.6.11.2}{\376\377\0006\000.\0001\0001\000.\0002\000\040\000M\000e\000m\000b\000e\000r\000\040\000D\000a\000t\000a\000\040\000D\000o\000c\000u\000m\000e\000n\000t\000a\000t\000i\000o\000n}{section.6.11}% 185
\BOOKMARK [3][-]{subsubsection.6.11.2.1}{\376\377\0006\000.\0001\0001\000.\0002\000.\0001\000\040\000v\000e\000r\000b\000o\000s\000e\000\137\000n\000a\000m\000e}{subsection.6.11.2}% 186
\BOOKMARK [3][-]{subsubsection.6.11.2.2}{\376\377\0006\000.\0001\0001\000.\0002\000.\0002\000\040\000v\000e\000r\000b\000o\000s\000e\000\137\000n\000a\000m\000e\000\137\000p\000l\000u\000r\000a\000l}{subsection.6.11.2}% 187
\BOOKMARK [1][-]{section.6.12}{\376\377\0006\000.\0001\0002\000\040\000s\000e\000l\000f\000\137\000s\000e\000r\000v\000i\000c\000e\000\137\000t\000e\000r\000m\000i\000n\000a\000l\000.\000a\000d\000m\000i\000n\000.\000T\000e\000r\000m\000i\000n\000a\000l\000\137\000S\000e\000t\000t\000i\000n\000g\000s\000R\000e\000s\000o\000u\000r\000c\000e\000.\000M\000e\000t\000a\000\040\000C\000l\000a\000s\000s\000\040\000R\000e\000f\000e\000r\000e\000n\000c\000e}{chapter.6}% 188
\BOOKMARK [2][-]{subsection.6.12.1}{\376\377\0006\000.\0001\0002\000.\0001\000\040\000D\000e\000t\000a\000i\000l\000e\000d\000\040\000D\000e\000s\000c\000r\000i\000p\000t\000i\000o\000n}{section.6.12}% 189
\BOOKMARK [2][-]{subsection.6.12.2}{\376\377\0006\000.\0001\0002\000.\0002\000\040\000M\000e\000m\000b\000e\000r\000\040\000D\000a\000t\000a\000\040\000D\000o\000c\000u\000m\000e\000n\000t\000a\000t\000i\000o\000n}{section.6.12}% 190
\BOOKMARK [3][-]{subsubsection.6.12.2.1}{\376\377\0006\000.\0001\0002\000.\0002\000.\0001\000\040\000m\000o\000d\000e\000l}{subsection.6.12.2}% 191
\BOOKMARK [1][-]{section.6.13}{\376\377\0006\000.\0001\0003\000\040\000s\000e\000l\000f\000\137\000s\000e\000r\000v\000i\000c\000e\000\137\000t\000e\000r\000m\000i\000n\000a\000l\000.\000m\000o\000d\000e\000l\000s\000.\000F\000o\000r\000m\000.\000M\000e\000t\000a\000\040\000C\000l\000a\000s\000s\000\040\000R\000e\000f\000e\000r\000e\000n\000c\000e}{chapter.6}% 192
\BOOKMARK [2][-]{subsection.6.13.1}{\376\377\0006\000.\0001\0003\000.\0001\000\040\000D\000e\000t\000a\000i\000l\000e\000d\000\040\000D\000e\000s\000c\000r\000i\000p\000t\000i\000o\000n}{section.6.13}% 193
\BOOKMARK [2][-]{subsection.6.13.2}{\376\377\0006\000.\0001\0003\000.\0002\000\040\000M\000e\000m\000b\000e\000r\000\040\000D\000a\000t\000a\000\040\000D\000o\000c\000u\000m\000e\000n\000t\000a\000t\000i\000o\000n}{section.6.13}% 194
\BOOKMARK [3][-]{subsubsection.6.13.2.1}{\376\377\0006\000.\0001\0003\000.\0002\000.\0001\000\040\000v\000e\000r\000b\000o\000s\000e\000\137\000n\000a\000m\000e}{subsection.6.13.2}% 195
\BOOKMARK [1][-]{section.6.14}{\376\377\0006\000.\0001\0004\000\040\000s\000e\000l\000f\000\137\000s\000e\000r\000v\000i\000c\000e\000\137\000t\000e\000r\000m\000i\000n\000a\000l\000.\000a\000d\000m\000i\000n\000.\000M\000e\000n\000u\000R\000e\000s\000o\000u\000r\000c\000e\000.\000M\000e\000t\000a\000\040\000C\000l\000a\000s\000s\000\040\000R\000e\000f\000e\000r\000e\000n\000c\000e}{chapter.6}% 196
\BOOKMARK [2][-]{subsection.6.14.1}{\376\377\0006\000.\0001\0004\000.\0001\000\040\000D\000e\000t\000a\000i\000l\000e\000d\000\040\000D\000e\000s\000c\000r\000i\000p\000t\000i\000o\000n}{section.6.14}% 197
\BOOKMARK [2][-]{subsection.6.14.2}{\376\377\0006\000.\0001\0004\000.\0002\000\040\000M\000e\000m\000b\000e\000r\000\040\000D\000a\000t\000a\000\040\000D\000o\000c\000u\000m\000e\000n\000t\000a\000t\000i\000o\000n}{section.6.14}% 198
\BOOKMARK [3][-]{subsubsection.6.14.2.1}{\376\377\0006\000.\0001\0004\000.\0002\000.\0001\000\040\000m\000o\000d\000e\000l}{subsection.6.14.2}% 199
\BOOKMARK [1][-]{section.6.15}{\376\377\0006\000.\0001\0005\000\040\000s\000e\000l\000f\000\137\000s\000e\000r\000v\000i\000c\000e\000\137\000t\000e\000r\000m\000i\000n\000a\000l\000.\000a\000d\000m\000i\000n\000.\000F\000o\000r\000m\000R\000e\000s\000o\000u\000r\000c\000e\000.\000M\000e\000t\000a\000\040\000C\000l\000a\000s\000s\000\040\000R\000e\000f\000e\000r\000e\000n\000c\000e}{chapter.6}% 200
\BOOKMARK [2][-]{subsection.6.15.1}{\376\377\0006\000.\0001\0005\000.\0001\000\040\000D\000e\000t\000a\000i\000l\000e\000d\000\040\000D\000e\000s\000c\000r\000i\000p\000t\000i\000o\000n}{section.6.15}% 201
\BOOKMARK [2][-]{subsection.6.15.2}{\376\377\0006\000.\0001\0005\000.\0002\000\040\000M\000e\000m\000b\000e\000r\000\040\000D\000a\000t\000a\000\040\000D\000o\000c\000u\000m\000e\000n\000t\000a\000t\000i\000o\000n}{section.6.15}% 202
\BOOKMARK [3][-]{subsubsection.6.15.2.1}{\376\377\0006\000.\0001\0005\000.\0002\000.\0001\000\040\000m\000o\000d\000e\000l}{subsection.6.15.2}% 203
\BOOKMARK [1][-]{section.6.16}{\376\377\0006\000.\0001\0006\000\040\000s\000e\000l\000f\000\137\000s\000e\000r\000v\000i\000c\000e\000\137\000t\000e\000r\000m\000i\000n\000a\000l\000.\000m\000o\000d\000e\000l\000s\000.\000T\000e\000r\000m\000i\000n\000a\000l\000\137\000S\000e\000t\000t\000i\000n\000g\000s\000.\000M\000e\000t\000a\000\040\000C\000l\000a\000s\000s\000\040\000R\000e\000f\000e\000r\000e\000n\000c\000e}{chapter.6}% 204
\BOOKMARK [2][-]{subsection.6.16.1}{\376\377\0006\000.\0001\0006\000.\0001\000\040\000D\000e\000t\000a\000i\000l\000e\000d\000\040\000D\000e\000s\000c\000r\000i\000p\000t\000i\000o\000n}{section.6.16}% 205
\BOOKMARK [2][-]{subsection.6.16.2}{\376\377\0006\000.\0001\0006\000.\0002\000\040\000M\000e\000m\000b\000e\000r\000\040\000D\000a\000t\000a\000\040\000D\000o\000c\000u\000m\000e\000n\000t\000a\000t\000i\000o\000n}{section.6.16}% 206
\BOOKMARK [3][-]{subsubsection.6.16.2.1}{\376\377\0006\000.\0001\0006\000.\0002\000.\0001\000\040\000v\000e\000r\000b\000o\000s\000e\000\137\000n\000a\000m\000e}{subsection.6.16.2}% 207
\BOOKMARK [3][-]{subsubsection.6.16.2.2}{\376\377\0006\000.\0001\0006\000.\0002\000.\0002\000\040\000v\000e\000r\000b\000o\000s\000e\000\137\000n\000a\000m\000e\000\137\000p\000l\000u\000r\000a\000l}{subsection.6.16.2}% 208
\BOOKMARK [1][-]{section.6.17}{\376\377\0006\000.\0001\0007\000\040\000s\000e\000l\000f\000\137\000s\000e\000r\000v\000i\000c\000e\000\137\000t\000e\000r\000m\000i\000n\000a\000l\000.\000a\000d\000m\000i\000n\000.\000M\000y\000A\000d\000m\000i\000n\000S\000i\000t\000e\000\040\000C\000l\000a\000s\000s\000\040\000R\000e\000f\000e\000r\000e\000n\000c\000e}{chapter.6}% 209
\BOOKMARK [2][-]{subsection.6.17.1}{\376\377\0006\000.\0001\0007\000.\0001\000\040\000D\000e\000t\000a\000i\000l\000e\000d\000\040\000D\000e\000s\000c\000r\000i\000p\000t\000i\000o\000n}{section.6.17}% 210
\BOOKMARK [2][-]{subsection.6.17.2}{\376\377\0006\000.\0001\0007\000.\0002\000\040\000M\000e\000m\000b\000e\000r\000\040\000D\000a\000t\000a\000\040\000D\000o\000c\000u\000m\000e\000n\000t\000a\000t\000i\000o\000n}{section.6.17}% 211
\BOOKMARK [3][-]{subsubsection.6.17.2.1}{\376\377\0006\000.\0001\0007\000.\0002\000.\0001\000\040\000s\000i\000t\000e\000\137\000h\000e\000a\000d\000e\000r}{subsection.6.17.2}% 212
\BOOKMARK [1][-]{section.6.18}{\376\377\0006\000.\0001\0008\000\040\000s\000e\000l\000f\000\137\000s\000e\000r\000v\000i\000c\000e\000\137\000t\000e\000r\000m\000i\000n\000a\000l\000.\000t\000e\000s\000t\000s\000.\000N\000o\000P\000d\000f\000S\000e\000t\000T\000e\000s\000t\000C\000a\000s\000e\000\040\000C\000l\000a\000s\000s\000\040\000R\000e\000f\000e\000r\000e\000n\000c\000e}{chapter.6}% 213
\BOOKMARK [2][-]{subsection.6.18.1}{\376\377\0006\000.\0001\0008\000.\0001\000\040\000D\000e\000t\000a\000i\000l\000e\000d\000\040\000D\000e\000s\000c\000r\000i\000p\000t\000i\000o\000n}{section.6.18}% 214
\BOOKMARK [2][-]{subsection.6.18.2}{\376\377\0006\000.\0001\0008\000.\0002\000\040\000M\000e\000m\000b\000e\000r\000\040\000F\000u\000n\000c\000t\000i\000o\000n\000\040\000D\000o\000c\000u\000m\000e\000n\000t\000a\000t\000i\000o\000n}{section.6.18}% 215
\BOOKMARK [3][-]{subsubsection.6.18.2.1}{\376\377\0006\000.\0001\0008\000.\0002\000.\0001\000\040\000s\000e\000t\000U\000p\000\050\000\051}{subsection.6.18.2}% 216
\BOOKMARK [3][-]{subsubsection.6.18.2.2}{\376\377\0006\000.\0001\0008\000.\0002\000.\0002\000\040\000t\000e\000s\000t\000\137\000n\000o\000\137\000p\000d\000f\000\137\000e\000r\000r\000o\000r\000\050\000\051}{subsection.6.18.2}% 217
\BOOKMARK [2][-]{subsection.6.18.3}{\376\377\0006\000.\0001\0008\000.\0003\000\040\000M\000e\000m\000b\000e\000r\000\040\000D\000a\000t\000a\000\040\000D\000o\000c\000u\000m\000e\000n\000t\000a\000t\000i\000o\000n}{section.6.18}% 218
\BOOKMARK [3][-]{subsubsection.6.18.3.1}{\376\377\0006\000.\0001\0008\000.\0003\000.\0001\000\040\000c}{subsection.6.18.3}% 219
\BOOKMARK [3][-]{subsubsection.6.18.3.2}{\376\377\0006\000.\0001\0008\000.\0003\000.\0002\000\040\000f\000o\000r\000m}{subsection.6.18.3}% 220
\BOOKMARK [3][-]{subsubsection.6.18.3.3}{\376\377\0006\000.\0001\0008\000.\0003\000.\0003\000\040\000f\000o\000r\000m\0002}{subsection.6.18.3}% 221
\BOOKMARK [3][-]{subsubsection.6.18.3.4}{\376\377\0006\000.\0001\0008\000.\0003\000.\0004\000\040\000m\000e\000n\000u}{subsection.6.18.3}% 222
\BOOKMARK [3][-]{subsubsection.6.18.3.5}{\376\377\0006\000.\0001\0008\000.\0003\000.\0005\000\040\000s\000u\000b\000m\000e\000n\000u}{subsection.6.18.3}% 223
\BOOKMARK [3][-]{subsubsection.6.18.3.6}{\376\377\0006\000.\0001\0008\000.\0003\000.\0006\000\040\000t\000e\000r\000m\000i\000n\000a\000l\000\137\000s\000e\000t\000t\000i\000n\000g\000s}{subsection.6.18.3}% 224
\BOOKMARK [1][-]{section.6.19}{\376\377\0006\000.\0001\0009\000\040\000s\000e\000l\000f\000\137\000s\000e\000r\000v\000i\000c\000e\000\137\000t\000e\000r\000m\000i\000n\000a\000l\000.\000t\000e\000s\000t\000s\000.\000P\000a\000g\000i\000n\000a\000t\000i\000o\000n\000T\000e\000s\000t\000C\000a\000s\000e\000\040\000C\000l\000a\000s\000s\000\040\000R\000e\000f\000e\000r\000e\000n\000c\000e}{chapter.6}% 225
\BOOKMARK [2][-]{subsection.6.19.1}{\376\377\0006\000.\0001\0009\000.\0001\000\040\000D\000e\000t\000a\000i\000l\000e\000d\000\040\000D\000e\000s\000c\000r\000i\000p\000t\000i\000o\000n}{section.6.19}% 226
\BOOKMARK [2][-]{subsection.6.19.2}{\376\377\0006\000.\0001\0009\000.\0002\000\040\000M\000e\000m\000b\000e\000r\000\040\000F\000u\000n\000c\000t\000i\000o\000n\000\040\000D\000o\000c\000u\000m\000e\000n\000t\000a\000t\000i\000o\000n}{section.6.19}% 227
\BOOKMARK [3][-]{subsubsection.6.19.2.1}{\376\377\0006\000.\0001\0009\000.\0002\000.\0001\000\040\000s\000e\000t\000U\000p\000\050\000\051}{subsection.6.19.2}% 228
\BOOKMARK [3][-]{subsubsection.6.19.2.2}{\376\377\0006\000.\0001\0009\000.\0002\000.\0002\000\040\000t\000e\000s\000t\000\137\000d\000i\000f\000f\000e\000r\000e\000n\000t\000\137\000p\000a\000g\000i\000n\000a\000t\000i\000o\000n\000\137\000s\000i\000t\000e\000s\000\050\000\051}{subsection.6.19.2}% 229
\BOOKMARK [3][-]{subsubsection.6.19.2.3}{\376\377\0006\000.\0001\0009\000.\0002\000.\0003\000\040\000t\000e\000s\000t\000\137\000p\000a\000g\000i\000n\000a\000t\000i\000o\000n\000\137\000e\000x\000i\000s\000t\000e\000n\000c\000e\000\050\000\051}{subsection.6.19.2}% 230
\BOOKMARK [2][-]{subsection.6.19.3}{\376\377\0006\000.\0001\0009\000.\0003\000\040\000M\000e\000m\000b\000e\000r\000\040\000D\000a\000t\000a\000\040\000D\000o\000c\000u\000m\000e\000n\000t\000a\000t\000i\000o\000n}{section.6.19}% 231
\BOOKMARK [3][-]{subsubsection.6.19.3.1}{\376\377\0006\000.\0001\0009\000.\0003\000.\0001\000\040\000c}{subsection.6.19.3}% 232
\BOOKMARK [3][-]{subsubsection.6.19.3.2}{\376\377\0006\000.\0001\0009\000.\0003\000.\0002\000\040\000m\000e\000n\000u}{subsection.6.19.3}% 233
\BOOKMARK [3][-]{subsubsection.6.19.3.3}{\376\377\0006\000.\0001\0009\000.\0003\000.\0003\000\040\000s\000u\000b\000m\000e\000n\000u\000s}{subsection.6.19.3}% 234
\BOOKMARK [3][-]{subsubsection.6.19.3.4}{\376\377\0006\000.\0001\0009\000.\0003\000.\0004\000\040\000t\000e\000r\000m\000i\000n\000a\000l\000\137\000s\000e\000t\000t\000i\000n\000g\000s}{subsection.6.19.3}% 235
\BOOKMARK [1][-]{section.6.20}{\376\377\0006\000.\0002\0000\000\040\000s\000e\000l\000f\000\137\000s\000e\000r\000v\000i\000c\000e\000\137\000t\000e\000r\000m\000i\000n\000a\000l\000.\000t\000e\000s\000t\000s\000.\000P\000r\000o\000d\000u\000c\000t\000i\000o\000n\000C\000a\000s\000e\000\040\000C\000l\000a\000s\000s\000\040\000R\000e\000f\000e\000r\000e\000n\000c\000e}{chapter.6}% 236
\BOOKMARK [2][-]{subsection.6.20.1}{\376\377\0006\000.\0002\0000\000.\0001\000\040\000D\000e\000t\000a\000i\000l\000e\000d\000\040\000D\000e\000s\000c\000r\000i\000p\000t\000i\000o\000n}{section.6.20}% 237
\BOOKMARK [2][-]{subsection.6.20.2}{\376\377\0006\000.\0002\0000\000.\0002\000\040\000M\000e\000m\000b\000e\000r\000\040\000F\000u\000n\000c\000t\000i\000o\000n\000\040\000D\000o\000c\000u\000m\000e\000n\000t\000a\000t\000i\000o\000n}{section.6.20}% 238
\BOOKMARK [3][-]{subsubsection.6.20.2.1}{\376\377\0006\000.\0002\0000\000.\0002\000.\0001\000\040\000s\000e\000t\000U\000p\000\050\000\051}{subsection.6.20.2}% 239
\BOOKMARK [3][-]{subsubsection.6.20.2.2}{\376\377\0006\000.\0002\0000\000.\0002\000.\0002\000\040\000t\000e\000s\000t\000\137\000d\000e\000b\000u\000g\000\137\000f\000a\000l\000s\000e\000\050\000\051}{subsection.6.20.2}% 240
\BOOKMARK [2][-]{subsection.6.20.3}{\376\377\0006\000.\0002\0000\000.\0003\000\040\000M\000e\000m\000b\000e\000r\000\040\000D\000a\000t\000a\000\040\000D\000o\000c\000u\000m\000e\000n\000t\000a\000t\000i\000o\000n}{section.6.20}% 241
\BOOKMARK [3][-]{subsubsection.6.20.3.1}{\376\377\0006\000.\0002\0000\000.\0003\000.\0001\000\040\000c}{subsection.6.20.3}% 242
\BOOKMARK [3][-]{subsubsection.6.20.3.2}{\376\377\0006\000.\0002\0000\000.\0003\000.\0002\000\040\000f\000o\000r\000m}{subsection.6.20.3}% 243
\BOOKMARK [3][-]{subsubsection.6.20.3.3}{\376\377\0006\000.\0002\0000\000.\0003\000.\0003\000\040\000m\000e\000n\000u}{subsection.6.20.3}% 244
\BOOKMARK [3][-]{subsubsection.6.20.3.4}{\376\377\0006\000.\0002\0000\000.\0003\000.\0004\000\040\000s\000u\000b\000m\000e\000n\000u}{subsection.6.20.3}% 245
\BOOKMARK [3][-]{subsubsection.6.20.3.5}{\376\377\0006\000.\0002\0000\000.\0003\000.\0005\000\040\000t\000e\000r\000m\000i\000n\000a\000l\000\137\000s\000e\000t\000t\000i\000n\000g\000s}{subsection.6.20.3}% 246
\BOOKMARK [1][-]{section.6.21}{\376\377\0006\000.\0002\0001\000\040\000s\000e\000l\000f\000\137\000s\000e\000r\000v\000i\000c\000e\000\137\000t\000e\000r\000m\000i\000n\000a\000l\000.\000a\000p\000p\000s\000.\000S\000e\000l\000f\000S\000e\000r\000v\000i\000c\000e\000T\000e\000r\000m\000i\000n\000a\000l\000C\000o\000n\000f\000i\000g\000\040\000C\000l\000a\000s\000s\000\040\000R\000e\000f\000e\000r\000e\000n\000c\000e}{chapter.6}% 247
\BOOKMARK [2][-]{subsection.6.21.1}{\376\377\0006\000.\0002\0001\000.\0001\000\040\000D\000e\000t\000a\000i\000l\000e\000d\000\040\000D\000e\000s\000c\000r\000i\000p\000t\000i\000o\000n}{section.6.21}% 248
\BOOKMARK [2][-]{subsection.6.21.2}{\376\377\0006\000.\0002\0001\000.\0002\000\040\000M\000e\000m\000b\000e\000r\000\040\000D\000a\000t\000a\000\040\000D\000o\000c\000u\000m\000e\000n\000t\000a\000t\000i\000o\000n}{section.6.21}% 249
\BOOKMARK [3][-]{subsubsection.6.21.2.1}{\376\377\0006\000.\0002\0001\000.\0002\000.\0001\000\040\000n\000a\000m\000e}{subsection.6.21.2}% 250
\BOOKMARK [1][-]{section.6.22}{\376\377\0006\000.\0002\0002\000\040\000s\000e\000l\000f\000\137\000s\000e\000r\000v\000i\000c\000e\000\137\000t\000e\000r\000m\000i\000n\000a\000l\000.\000m\000o\000d\000e\000l\000s\000.\000T\000e\000r\000m\000i\000n\000a\000l\000\137\000S\000e\000t\000t\000i\000n\000g\000s\000\040\000C\000l\000a\000s\000s\000\040\000R\000e\000f\000e\000r\000e\000n\000c\000e}{chapter.6}% 251
\BOOKMARK [2][-]{subsection.6.22.1}{\376\377\0006\000.\0002\0002\000.\0001\000\040\000D\000e\000t\000a\000i\000l\000e\000d\000\040\000D\000e\000s\000c\000r\000i\000p\000t\000i\000o\000n}{section.6.22}% 252
\BOOKMARK [2][-]{subsection.6.22.2}{\376\377\0006\000.\0002\0002\000.\0002\000\040\000M\000e\000m\000b\000e\000r\000\040\000F\000u\000n\000c\000t\000i\000o\000n\000\040\000D\000o\000c\000u\000m\000e\000n\000t\000a\000t\000i\000o\000n}{section.6.22}% 253
\BOOKMARK [3][-]{subsubsection.6.22.2.1}{\376\377\0006\000.\0002\0002\000.\0002\000.\0001\000\040\000\137\000\137\000s\000t\000r\000\137\000\137\000\050\000\051}{subsection.6.22.2}% 254
\BOOKMARK [2][-]{subsection.6.22.3}{\376\377\0006\000.\0002\0002\000.\0003\000\040\000M\000e\000m\000b\000e\000r\000\040\000D\000a\000t\000a\000\040\000D\000o\000c\000u\000m\000e\000n\000t\000a\000t\000i\000o\000n}{section.6.22}% 255
\BOOKMARK [3][-]{subsubsection.6.22.3.1}{\376\377\0006\000.\0002\0002\000.\0003\000.\0001\000\040\000c\000o\000l\000o\000r\000v\000a\000l\000\137\000b\000u\000t\000t\000o\000n}{subsection.6.22.3}% 256
\BOOKMARK [3][-]{subsubsection.6.22.3.2}{\376\377\0006\000.\0002\0002\000.\0003\000.\0002\000\040\000c\000o\000l\000o\000r\000v\000a\000l\000\137\000h\000e\000a\000d\000i\000n\000g}{subsection.6.22.3}% 257
\BOOKMARK [3][-]{subsubsection.6.22.3.3}{\376\377\0006\000.\0002\0002\000.\0003\000.\0003\000\040\000c\000o\000l\000o\000r\000v\000a\000l\000\137\000n\000a\000v\000\137\000b\000a\000r}{subsection.6.22.3}% 258
\BOOKMARK [3][-]{subsubsection.6.22.3.4}{\376\377\0006\000.\0002\0002\000.\0003\000.\0004\000\040\000c\000o\000l\000o\000r\000v\000a\000l\000\137\000r\000e\000t\000u\000r\000n\000\137\000b\000u\000t\000t\000o\000n}{subsection.6.22.3}% 259
\BOOKMARK [3][-]{subsubsection.6.22.3.5}{\376\377\0006\000.\0002\0002\000.\0003\000.\0005\000\040\000c\000o\000l\000o\000r\000v\000a\000l\000\137\000t\000e\000x\000t}{subsection.6.22.3}% 260
\BOOKMARK [3][-]{subsubsection.6.22.3.6}{\376\377\0006\000.\0002\0002\000.\0003\000.\0006\000\040\000d\000e\000s\000c\000r\000i\000p\000t\000i\000o\000n}{subsection.6.22.3}% 261
\BOOKMARK [3][-]{subsubsection.6.22.3.7}{\376\377\0006\000.\0002\0002\000.\0003\000.\0007\000\040\000i\000n\000s\000t\000i\000t\000u\000t\000e\000\137\000l\000o\000g\000o}{subsection.6.22.3}% 262
\BOOKMARK [3][-]{subsubsection.6.22.3.8}{\376\377\0006\000.\0002\0002\000.\0003\000.\0008\000\040\000i\000n\000s\000u\000r\000a\000n\000c\000e\000\137\000l\000o\000g\000o}{subsection.6.22.3}% 263
\BOOKMARK [3][-]{subsubsection.6.22.3.9}{\376\377\0006\000.\0002\0002\000.\0003\000.\0009\000\040\000t\000i\000t\000l\000e}{subsection.6.22.3}% 264
\BOOKMARK [1][-]{section.6.23}{\376\377\0006\000.\0002\0003\000\040\000s\000e\000l\000f\000\137\000s\000e\000r\000v\000i\000c\000e\000\137\000t\000e\000r\000m\000i\000n\000a\000l\000.\000a\000d\000m\000i\000n\000.\000T\000e\000r\000m\000i\000n\000a\000l\000\137\000S\000e\000t\000t\000i\000n\000g\000s\000A\000d\000m\000i\000n\000\040\000C\000l\000a\000s\000s\000\040\000R\000e\000f\000e\000r\000e\000n\000c\000e}{chapter.6}% 265
\BOOKMARK [2][-]{subsection.6.23.1}{\376\377\0006\000.\0002\0003\000.\0001\000\040\000D\000e\000t\000a\000i\000l\000e\000d\000\040\000D\000e\000s\000c\000r\000i\000p\000t\000i\000o\000n}{section.6.23}% 266
\BOOKMARK [2][-]{subsection.6.23.2}{\376\377\0006\000.\0002\0003\000.\0002\000\040\000M\000e\000m\000b\000e\000r\000\040\000D\000a\000t\000a\000\040\000D\000o\000c\000u\000m\000e\000n\000t\000a\000t\000i\000o\000n}{section.6.23}% 267
\BOOKMARK [3][-]{subsubsection.6.23.2.1}{\376\377\0006\000.\0002\0003\000.\0002\000.\0001\000\040\000f\000i\000e\000l\000d\000s\000e\000t\000s}{subsection.6.23.2}% 268
\BOOKMARK [1][-]{section.6.24}{\376\377\0006\000.\0002\0004\000\040\000s\000e\000l\000f\000\137\000s\000e\000r\000v\000i\000c\000e\000\137\000t\000e\000r\000m\000i\000n\000a\000l\000.\000a\000d\000m\000i\000n\000.\000T\000e\000r\000m\000i\000n\000a\000l\000\137\000S\000e\000t\000t\000i\000n\000g\000s\000R\000e\000s\000o\000u\000r\000c\000e\000\040\000C\000l\000a\000s\000s\000\040\000R\000e\000f\000e\000r\000e\000n\000c\000e}{chapter.6}% 269
\BOOKMARK [2][-]{subsection.6.24.1}{\376\377\0006\000.\0002\0004\000.\0001\000\040\000D\000e\000t\000a\000i\000l\000e\000d\000\040\000D\000e\000s\000c\000r\000i\000p\000t\000i\000o\000n}{section.6.24}% 270
\BOOKMARK [1][-]{section.6.25}{\376\377\0006\000.\0002\0005\000\040\000s\000e\000l\000f\000\137\000s\000e\000r\000v\000i\000c\000e\000\137\000t\000e\000r\000m\000i\000n\000a\000l\000.\000t\000e\000s\000t\000s\000.\000U\000n\000c\000o\000n\000n\000e\000c\000t\000e\000d\000C\000o\000n\000f\000i\000g\000u\000r\000a\000t\000i\000o\000n\000\040\000C\000l\000a\000s\000s\000\040\000R\000e\000f\000e\000r\000e\000n\000c\000e}{chapter.6}% 271
\BOOKMARK [2][-]{subsection.6.25.1}{\376\377\0006\000.\0002\0005\000.\0001\000\040\000D\000e\000t\000a\000i\000l\000e\000d\000\040\000D\000e\000s\000c\000r\000i\000p\000t\000i\000o\000n}{section.6.25}% 272
\BOOKMARK [2][-]{subsection.6.25.2}{\376\377\0006\000.\0002\0005\000.\0002\000\040\000M\000e\000m\000b\000e\000r\000\040\000F\000u\000n\000c\000t\000i\000o\000n\000\040\000D\000o\000c\000u\000m\000e\000n\000t\000a\000t\000i\000o\000n}{section.6.25}% 273
\BOOKMARK [3][-]{subsubsection.6.25.2.1}{\376\377\0006\000.\0002\0005\000.\0002\000.\0001\000\040\000s\000e\000t\000U\000p\000\050\000\051}{subsection.6.25.2}% 274
\BOOKMARK [3][-]{subsubsection.6.25.2.2}{\376\377\0006\000.\0002\0005\000.\0002\000.\0002\000\040\000t\000e\000s\000t\000\137\000h\000o\000m\000e\000p\000a\000g\000e\000\137\000a\000v\000a\000i\000l\000a\000b\000i\000l\000i\000t\000y\000\050\000\051}{subsection.6.25.2}% 275
\BOOKMARK [2][-]{subsection.6.25.3}{\376\377\0006\000.\0002\0005\000.\0003\000\040\000M\000e\000m\000b\000e\000r\000\040\000D\000a\000t\000a\000\040\000D\000o\000c\000u\000m\000e\000n\000t\000a\000t\000i\000o\000n}{section.6.25}% 276
\BOOKMARK [3][-]{subsubsection.6.25.3.1}{\376\377\0006\000.\0002\0005\000.\0003\000.\0001\000\040\000c}{subsection.6.25.3}% 277
\BOOKMARK [3][-]{subsubsection.6.25.3.2}{\376\377\0006\000.\0002\0005\000.\0003\000.\0002\000\040\000f\000o\000r\000m}{subsection.6.25.3}% 278
\BOOKMARK [3][-]{subsubsection.6.25.3.3}{\376\377\0006\000.\0002\0005\000.\0003\000.\0003\000\040\000m\000e\000n\000u}{subsection.6.25.3}% 279
\BOOKMARK [3][-]{subsubsection.6.25.3.4}{\376\377\0006\000.\0002\0005\000.\0003\000.\0004\000\040\000s\000u\000b\000m\000e\000n\000u}{subsection.6.25.3}% 280
\BOOKMARK [3][-]{subsubsection.6.25.3.5}{\376\377\0006\000.\0002\0005\000.\0003\000.\0005\000\040\000t\000e\000r\000m\000i\000n\000a\000l\000\137\000s\000e\000t\000t\000i\000n\000g\000s}{subsection.6.25.3}% 281
\BOOKMARK [0][-]{chapter.7}{\376\377\0007\000\040\000F\000i\000l\000e\000\040\000D\000o\000c\000u\000m\000e\000n\000t\000a\000t\000i\000o\000n}{}% 282
\BOOKMARK [1][-]{section.7.1}{\376\377\0007\000.\0001\000\040\000\137\000\137\000i\000n\000i\000t\000\137\000\137\000.\000p\000y\000\040\000F\000i\000l\000e\000\040\000R\000e\000f\000e\000r\000e\000n\000c\000e}{chapter.7}% 283
\BOOKMARK [1][-]{section.7.2}{\376\377\0007\000.\0002\000\040\000\137\000\137\000i\000n\000i\000t\000\137\000\137\000.\000p\000y\000\040\000F\000i\000l\000e\000\040\000R\000e\000f\000e\000r\000e\000n\000c\000e}{chapter.7}% 284
\BOOKMARK [1][-]{section.7.3}{\376\377\0007\000.\0003\000\040\000a\000c\000t\000i\000o\000n\000s\000.\000p\000y\000\040\000F\000i\000l\000e\000\040\000R\000e\000f\000e\000r\000e\000n\000c\000e}{chapter.7}% 285
\BOOKMARK [1][-]{section.7.4}{\376\377\0007\000.\0004\000\040\000a\000d\000m\000i\000n\000.\000p\000y\000\040\000F\000i\000l\000e\000\040\000R\000e\000f\000e\000r\000e\000n\000c\000e}{chapter.7}% 286
\BOOKMARK [1][-]{section.7.5}{\376\377\0007\000.\0005\000\040\000a\000p\000p\000s\000.\000p\000y\000\040\000F\000i\000l\000e\000\040\000R\000e\000f\000e\000r\000e\000n\000c\000e}{chapter.7}% 287
\BOOKMARK [1][-]{section.7.6}{\376\377\0007\000.\0006\000\040\000a\000s\000g\000i\000.\000p\000y\000\040\000F\000i\000l\000e\000\040\000R\000e\000f\000e\000r\000e\000n\000c\000e}{chapter.7}% 288
\BOOKMARK [1][-]{section.7.7}{\376\377\0007\000.\0007\000\040\000c\000o\000n\000s\000t\000a\000n\000t\000s\000.\000p\000y\000\040\000F\000i\000l\000e\000\040\000R\000e\000f\000e\000r\000e\000n\000c\000e}{chapter.7}% 289
\BOOKMARK [1][-]{section.7.8}{\376\377\0007\000.\0008\000\040\000m\000a\000n\000a\000g\000e\000.\000p\000y\000\040\000F\000i\000l\000e\000\040\000R\000e\000f\000e\000r\000e\000n\000c\000e}{chapter.7}% 290
\BOOKMARK [1][-]{section.7.9}{\376\377\0007\000.\0009\000\040\000m\000o\000d\000e\000l\000s\000.\000p\000y\000\040\000F\000i\000l\000e\000\040\000R\000e\000f\000e\000r\000e\000n\000c\000e}{chapter.7}% 291
\BOOKMARK [1][-]{section.7.10}{\376\377\0007\000.\0001\0000\000\040\000p\000r\000i\000n\000t\000e\000r\000\137\000s\000t\000a\000t\000u\000s\000.\000p\000y\000\040\000F\000i\000l\000e\000\040\000R\000e\000f\000e\000r\000e\000n\000c\000e}{chapter.7}% 292
\BOOKMARK [1][-]{section.7.11}{\376\377\0007\000.\0001\0001\000\040\000s\000e\000t\000t\000i\000n\000g\000s\000.\000p\000y\000\040\000F\000i\000l\000e\000\040\000R\000e\000f\000e\000r\000e\000n\000c\000e}{chapter.7}% 293
\BOOKMARK [1][-]{section.7.12}{\376\377\0007\000.\0001\0002\000\040\000t\000e\000s\000t\000s\000.\000p\000y\000\040\000F\000i\000l\000e\000\040\000R\000e\000f\000e\000r\000e\000n\000c\000e}{chapter.7}% 294
\BOOKMARK [1][-]{section.7.13}{\376\377\0007\000.\0001\0003\000\040\000u\000r\000l\000s\000.\000p\000y\000\040\000F\000i\000l\000e\000\040\000R\000e\000f\000e\000r\000e\000n\000c\000e}{chapter.7}% 295
\BOOKMARK [1][-]{section.7.14}{\376\377\0007\000.\0001\0004\000\040\000u\000r\000l\000s\000.\000p\000y\000\040\000F\000i\000l\000e\000\040\000R\000e\000f\000e\000r\000e\000n\000c\000e}{chapter.7}% 296
\BOOKMARK [1][-]{section.7.15}{\376\377\0007\000.\0001\0005\000\040\000v\000i\000e\000w\000s\000.\000p\000y\000\040\000F\000i\000l\000e\000\040\000R\000e\000f\000e\000r\000e\000n\000c\000e}{chapter.7}% 297
\BOOKMARK [1][-]{section.7.16}{\376\377\0007\000.\0001\0006\000\040\000w\000s\000g\000i\000.\000p\000y\000\040\000F\000i\000l\000e\000\040\000R\000e\000f\000e\000r\000e\000n\000c\000e}{chapter.7}% 298
\BOOKMARK [0][-]{section*.122}{\376\377\000I\000n\000d\000e\000x}{}% 299
