This is pdfTeX, Version 3.14159265-2.6-1.40.20 (TeX Live 2019/Debian) (preloaded format=pdflatex 2020.6.9)  7 JUL 2020 12:22
entering extended mode
 restricted \write18 enabled.
 %&-line parsing enabled.
**refman
(./refman.tex
LaTeX2e <2020-02-02> patch level 2
L3 programming layer <2020-02-14>
(/usr/share/texlive/texmf-dist/tex/latex/base/book.cls
Document Class: book 2019/12/20 v1.4l Standard LaTeX document class
(/usr/share/texlive/texmf-dist/tex/latex/base/bk10.clo
File: bk10.clo 2019/12/20 v1.4l Standard LaTeX file (size option)
)
\c@part=\count167
\c@chapter=\count168
\c@section=\count169
\c@subsection=\count170
\c@subsubsection=\count171
\c@paragraph=\count172
\c@subparagraph=\count173
\c@figure=\count174
\c@table=\count175
\abovecaptionskip=\skip47
\belowcaptionskip=\skip48
\bibindent=\dimen134
)
(/usr/share/texlive/texmf-dist/tex/latex/base/ifthen.sty
Package: ifthen 2014/09/29 v1.1c Standard LaTeX ifthen package (DPC)
)
(/usr/share/texlive/texmf-dist/tex/latex/tools/array.sty
Rollback for package 'array' requested -> date 2016-10-06.
         Best approximation is the release introduced on 2016-10-06.

(/usr/share/texlive/texmf-dist/tex/latex/tools/array-2016-10-06.sty
Package: array 2016/10/06 v2.4d Tabular extension package (FMi)
\col@sep=\dimen135
\extrarowheight=\dimen136
\NC@list=\toks14
\extratabsurround=\skip49
\backup@length=\skip50
))
(/usr/share/texlive/texmf-dist/tex/latex/base/fixltx2e.sty
Package: fixltx2e 2016/12/29 v2.1a fixes to LaTeX (obsolete)
Applying: [2015/01/01] Old fixltx2e package on input line 46.


Package fixltx2e Warning: fixltx2e is not required with releases after 2015
(fixltx2e)                All fixes are now in the LaTeX kernel.
(fixltx2e)                See the latexrelease package for details.

Already applied: [0000/00/00] Old fixltx2e package on input line 53.
) (/usr/share/texlive/texmf-dist/tex/latex/tools/calc.sty
Package: calc 2017/05/25 v4.3 Infix arithmetic (KKT,FJ)
\calc@Acount=\count176
\calc@Bcount=\count177
\calc@Adimen=\dimen137
\calc@Bdimen=\dimen138
\calc@Askip=\skip51
\calc@Bskip=\skip52
LaTeX Info: Redefining \setlength on input line 80.
LaTeX Info: Redefining \addtolength on input line 81.
\calc@Ccount=\count178
\calc@Cskip=\skip53
) (./doxygen.sty
Package: doxygen 

(/usr/share/texlive/texmf-dist/tex/latex/base/alltt.sty
Package: alltt 1997/06/16 v2.0g defines alltt environment
)
(/usr/share/texlive/texmf-dist/tex/latex/float/float.sty
Package: float 2001/11/08 v1.3d Float enhancements (AL)
\c@float@type=\count179
\float@exts=\toks15
\float@box=\box45
\@float@everytoks=\toks16
\@floatcapt=\box46
)
(/usr/share/texlive/texmf-dist/tex/latex/tools/verbatim.sty
Package: verbatim 2019/11/10 v1.5r LaTeX2e package for verbatim enhancements
\every@verbatim=\toks17
\verbatim@line=\toks18
\verbatim@in@stream=\read2
)
(/usr/share/texlive/texmf-dist/tex/latex/xcolor/xcolor.sty
Package: xcolor 2016/05/11 v2.12 LaTeX color extensions (UK)

(/usr/share/texlive/texmf-dist/tex/latex/graphics-cfg/color.cfg
File: color.cfg 2016/01/02 v1.6 sample color configuration
)
Package xcolor Info: Driver file: pdftex.def on input line 225.

(/usr/share/texlive/texmf-dist/tex/latex/graphics-def/pdftex.def
File: pdftex.def 2018/01/08 v1.0l Graphics/color driver for pdftex
)
(/usr/share/texlive/texmf-dist/tex/latex/colortbl/colortbl.sty
Package: colortbl 2020/01/04 v1.0e Color table columns (DPC)
\everycr=\toks19
\minrowclearance=\skip54
)
\rownum=\count180
Package xcolor Info: Model `cmy' substituted by `cmy0' on input line 1348.
Package xcolor Info: Model `hsb' substituted by `rgb' on input line 1352.
Package xcolor Info: Model `RGB' extended on input line 1364.
Package xcolor Info: Model `HTML' substituted by `rgb' on input line 1366.
Package xcolor Info: Model `Hsb' substituted by `hsb' on input line 1367.
Package xcolor Info: Model `tHsb' substituted by `hsb' on input line 1368.
Package xcolor Info: Model `HSB' substituted by `hsb' on input line 1369.
Package xcolor Info: Model `Gray' substituted by `gray' on input line 1370.
Package xcolor Info: Model `wave' substituted by `hsb' on input line 1371.
)
(./longtable_doxygen.sty
Package: longtable_doxygen 2014/10/28 v4.11 Multi-page Table package (DPC) - fr
ozen version for doxygen
\LTleft=\skip55
\LTright=\skip56
\LTpre=\skip57
\LTpost=\skip58
\LTchunksize=\count181
\LTcapwidth=\dimen139
\LT@head=\box47
\LT@firsthead=\box48
\LT@foot=\box49
\LT@lastfoot=\box50
\LT@cols=\count182
\LT@rows=\count183
\c@LT@tables=\count184
\c@LT@chunks=\count185
\LT@p@ftn=\toks20
) (./tabu_doxygen.sty
Package: tabu_doxygen 2011/02/26 v2.8 - flexible LaTeX tabulars (FC), frozen ve
rsion for doxygen

(/usr/share/texlive/texmf-dist/tex/latex/varwidth/varwidth.sty
Package: varwidth 2009/03/30 ver 0.92;  Variable-width minipages
\@vwid@box=\box51
\sift@deathcycles=\count186
\@vwid@loff=\dimen140
\@vwid@roff=\dimen141
)
\c@taburow=\count187
\tabu@nbcols=\count188
\tabu@cnt=\count189
\tabu@Xcol=\count190
\tabu@alloc=\count191
\tabu@nested=\count192
\tabu@target=\dimen142
\tabu@spreadtarget=\dimen143
\tabu@naturalX=\dimen144
\tabucolX=\dimen145
\tabu@Xsum=\dimen146
\extrarowdepth=\dimen147
\abovetabulinesep=\dimen148
\belowtabulinesep=\dimen149
\tabustrutrule=\dimen150
\tabu@thebody=\toks21
\tabu@footnotes=\toks22
\tabu@box=\box52
\tabu@arstrutbox=\box53
\tabu@hleads=\box54
\tabu@vleads=\box55
\tabu@cellskip=\skip59
)
(/usr/share/texlive/texmf-dist/tex/latex/fancyvrb/fancyvrb.sty
Package: fancyvrb 2020/01/13 v3.5 verbatim text (tvz,hv)

(/usr/share/texlive/texmf-dist/tex/latex/graphics/keyval.sty
Package: keyval 2014/10/28 v1.15 key=value parser (DPC)
\KV@toks@=\toks23
)
\FV@CodeLineNo=\count193
\FV@InFile=\read3
\FV@TabBox=\box56
\c@FancyVerbLine=\count194
\FV@StepNumber=\count195
\FV@OutFile=\write3
)
(/usr/share/texlive/texmf-dist/tex/latex/tools/tabularx.sty
Package: tabularx 2020/01/15 v2.11c `tabularx' package (DPC)
\TX@col@width=\dimen151
\TX@old@table=\dimen152
\TX@old@col=\dimen153
\TX@target=\dimen154
\TX@delta=\dimen155
\TX@cols=\count196
\TX@ftn=\toks24
)
(/usr/share/texlive/texmf-dist/tex/latex/multirow/multirow.sty
Package: multirow 2019/05/31 v2.5 Span multiple rows of a table
\multirow@colwidth=\skip60
\multirow@cntb=\count197
\multirow@dima=\skip61
\bigstrutjot=\dimen156
)
(/usr/share/texlive/texmf-dist/tex/latex/hanging/hanging.sty
Package: hanging 2009/09/02 v1.2b hanging paragraphs and punctuation
\h@ngcommawd=\skip62
\h@ngfstopwd=\skip63
\h@ngquotewd=\skip64
\h@ngdquotewd=\skip65
\h@ngquerywd=\skip66
\h@ngexclwd=\skip67
\h@ngcolonwd=\skip68
\h@ngscolonwd=\skip69
)
(/usr/share/texlive/texmf-dist/tex/generic/iftex/ifpdf.sty
Package: ifpdf 2019/10/25 v3.4 ifpdf legacy package. Use iftex instead.

(/usr/share/texlive/texmf-dist/tex/generic/iftex/iftex.sty
Package: iftex 2019/11/07 v1.0c TeX engine tests
))
(/usr/share/texlive/texmf-dist/tex/latex/adjustbox/adjustbox.sty
Package: adjustbox 2019/01/04 v1.2 Adjusting TeX boxes (trim, clip, ...)

(/usr/share/texlive/texmf-dist/tex/latex/xkeyval/xkeyval.sty
Package: xkeyval 2014/12/03 v2.7a package option processing (HA)

(/usr/share/texlive/texmf-dist/tex/generic/xkeyval/xkeyval.tex
(/usr/share/texlive/texmf-dist/tex/generic/xkeyval/xkvutils.tex
\XKV@toks=\toks25
\XKV@tempa@toks=\toks26
)
\XKV@depth=\count198
File: xkeyval.tex 2014/12/03 v2.7a key=value parser (HA)
))
(/usr/share/texlive/texmf-dist/tex/latex/adjustbox/adjcalc.sty
Package: adjcalc 2012/05/16 v1.1 Provides advanced setlength with multiple back
-ends (calc, etex, pgfmath)
)
(/usr/share/texlive/texmf-dist/tex/latex/adjustbox/trimclip.sty
Package: trimclip 2018/04/08 v1.1 Trim and clip general TeX material

(/usr/share/texlive/texmf-dist/tex/latex/graphics/graphicx.sty
Package: graphicx 2019/11/30 v1.2a Enhanced LaTeX Graphics (DPC,SPQR)

(/usr/share/texlive/texmf-dist/tex/latex/graphics/graphics.sty
Package: graphics 2019/11/30 v1.4a Standard LaTeX Graphics (DPC,SPQR)

(/usr/share/texlive/texmf-dist/tex/latex/graphics/trig.sty
Package: trig 2016/01/03 v1.10 sin cos tan (DPC)
)
(/usr/share/texlive/texmf-dist/tex/latex/graphics-cfg/graphics.cfg
File: graphics.cfg 2016/06/04 v1.11 sample graphics configuration
)
Package graphics Info: Driver file: pdftex.def on input line 105.
)
\Gin@req@height=\dimen157
\Gin@req@width=\dimen158
)
(/usr/share/texlive/texmf-dist/tex/latex/collectbox/collectbox.sty
Package: collectbox 2012/05/17 v0.4b Collect macro arguments as boxes
\collectedbox=\box57
)
\tc@llx=\dimen159
\tc@lly=\dimen160
\tc@urx=\dimen161
\tc@ury=\dimen162
Package trimclip Info: Using driver 'tc-pdftex.def'.

(/usr/share/texlive/texmf-dist/tex/latex/adjustbox/tc-pdftex.def
File: tc-pdftex.def 2019/01/04 v2.2 Clipping driver for pdftex
))
\adjbox@Width=\dimen163
\adjbox@Height=\dimen164
\adjbox@Depth=\dimen165
\adjbox@Totalheight=\dimen166
\adjbox@pwidth=\dimen167
\adjbox@pheight=\dimen168
\adjbox@pdepth=\dimen169
\adjbox@ptotalheight=\dimen170

(/usr/share/texlive/texmf-dist/tex/latex/ifoddpage/ifoddpage.sty
Package: ifoddpage 2016/04/23 v1.1 Conditionals for odd/even page detection
\c@checkoddpage=\count199
))
(/usr/share/texlive/texmf-dist/tex/latex/amsfonts/amssymb.sty
Package: amssymb 2013/01/14 v3.01 AMS font symbols

(/usr/share/texlive/texmf-dist/tex/latex/amsfonts/amsfonts.sty
Package: amsfonts 2013/01/14 v3.01 Basic AMSFonts support
\@emptytoks=\toks27
\symAMSa=\mathgroup4
\symAMSb=\mathgroup5
LaTeX Font Info:    Redeclaring math symbol \hbar on input line 98.
LaTeX Font Info:    Overwriting math alphabet `\mathfrak' in version `bold'
(Font)                  U/euf/m/n --> U/euf/b/n on input line 106.
))
(/usr/share/texlive/texmf-dist/tex/latex/stackengine/stackengine.sty
Package: stackengine 2017/02/13 v4.01\ Stacking text and objects in convenient 
ways

(/usr/share/texlive/texmf-dist/tex/latex/etoolbox/etoolbox.sty
Package: etoolbox 2019/09/21 v2.5h e-TeX tools for LaTeX (JAW)
\etb@tempcnta=\count266
)
(/usr/share/texlive/texmf-dist/tex/generic/listofitems/listofitems.sty
(/usr/share/texlive/texmf-dist/tex/generic/listofitems/listofitems.tex
\loi_cnt_foreach_nest=\count267
\loi_nestcnt=\count268
)
Package: listofitems 2019/08/21 v1.63 Grab items in lists using user-specified 
sep char (CT)
)
\c@@stackindex=\count269
\@boxshift=\skip70
\stack@tmplength=\skip71
\temp@stkl=\skip72
\@stackedboxwidth=\skip73
\@addedbox=\box58
\@anchorbox=\box59
\stackedbox=\box60
\@centerbox=\box61
\c@ROWcellindex@=\count270
)
(/usr/share/texlive/texmf-dist/tex/generic/ulem/ulem.sty
\UL@box=\box62
\UL@hyphenbox=\box63
\UL@skip=\skip74
\UL@hook=\toks28
\UL@height=\dimen171
\UL@pe=\count271
\UL@pixel=\dimen172
\ULC@box=\box64
Package: ulem 2019/11/18
\ULdepth=\dimen173
)
\xrefbox=\box65
\xreflength=\skip75
\CodeWidthChar=\skip76
\CodeHeightChar=\skip77
\DoxyCodeWidth=\skip78
)
(/usr/share/texlive/texmf-dist/tex/latex/base/inputenc.sty
Package: inputenc 2018/08/11 v1.3c Input encoding file
\inpenc@prehook=\toks29
\inpenc@posthook=\toks30
)
(/usr/share/texlive/texmf-dist/tex/latex/base/makeidx.sty
Package: makeidx 2014/09/29 v1.0m Standard LaTeX package
)
(/usr/share/texlive/texmf-dist/tex/latex/tools/multicol.sty
Package: multicol 2019/12/09 v1.8y multicolumn formatting (FMi)
\c@tracingmulticols=\count272
\mult@box=\box66
\multicol@leftmargin=\dimen174
\c@unbalance=\count273
\c@collectmore=\count274
\doublecol@number=\count275
\multicoltolerance=\count276
\multicolpretolerance=\count277
\full@width=\dimen175
\page@free=\dimen176
\premulticols=\dimen177
\postmulticols=\dimen178
\multicolsep=\skip79
\multicolbaselineskip=\skip80
\partial@page=\box67
\last@line=\box68
\maxbalancingoverflow=\dimen179
\mult@rightbox=\box69
\mult@grightbox=\box70
\mult@gfirstbox=\box71
\mult@firstbox=\box72
\@tempa=\box73
\@tempa=\box74
\@tempa=\box75
\@tempa=\box76
\@tempa=\box77
\@tempa=\box78
\@tempa=\box79
\@tempa=\box80
\@tempa=\box81
\@tempa=\box82
\@tempa=\box83
\@tempa=\box84
\@tempa=\box85
\@tempa=\box86
\@tempa=\box87
\@tempa=\box88
\@tempa=\box89
\@tempa=\box90
\@tempa=\box91
\@tempa=\box92
\@tempa=\box93
\@tempa=\box94
\@tempa=\box95
\@tempa=\box96
\@tempa=\box97
\@tempa=\box98
\@tempa=\box99
\@tempa=\box100
\@tempa=\box101
\@tempa=\box102
\@tempa=\box103
\@tempa=\box104
\@tempa=\box105
\@tempa=\box106
\@tempa=\box107
\@tempa=\box108
\@tempa=\box109
\c@minrows=\count278
\c@columnbadness=\count279
\c@finalcolumnbadness=\count280
\last@try=\dimen180
\multicolovershoot=\dimen181
\multicolundershoot=\dimen182
\mult@nat@firstbox=\box110
\colbreak@box=\box111
\mc@col@check@num=\count281
)
(/usr/share/texlive/texmf-dist/tex/latex/base/textcomp.sty
Package: textcomp 2020/02/02 v2.0n Standard LaTeX package
)
(/usr/share/texlive/texmf-dist/tex/latex/wasysym/wasysym.sty
Package: wasysym 2020/01/19 v2.4 Wasy-2 symbol support package
\symwasy=\mathgroup6
LaTeX Font Info:    Overwriting symbol font `wasy' in version `bold'
(Font)                  U/wasy/m/n --> U/wasy/b/n on input line 93.
)
(/usr/share/texlive/texmf-dist/tex/generic/iftex/ifxetex.sty
Package: ifxetex 2019/10/25 v0.7 ifxetex legacy package. Use iftex instead.
)
(/usr/share/texlive/texmf-dist/tex/latex/base/fontenc.sty
Package: fontenc 2020/02/11 v2.0o Standard LaTeX package
)
(/usr/share/texlive/texmf-dist/tex/latex/psnfss/helvet.sty
Package: helvet 2005/04/12 PSNFSS-v9.2a (WaS) 
)
(/usr/share/texlive/texmf-dist/tex/latex/psnfss/courier.sty
Package: courier 2005/04/12 PSNFSS-v9.2a (WaS) 
)
(/usr/share/texlive/texmf-dist/tex/latex/sectsty/sectsty.sty
Package: sectsty 2002/02/25 v2.0.2 Commands to change all sectional heading sty
les


LaTeX Warning: Command \underbar  has changed.
               Check if current package is valid.


LaTeX Warning: Command \underline  has changed.
               Check if current package is valid.

) (/usr/share/texlive/texmf-dist/tex/latex/geometry/geometry.sty
Package: geometry 2020/01/02 v5.9 Page Geometry

(/usr/share/texlive/texmf-dist/tex/generic/iftex/ifvtex.sty
Package: ifvtex 2019/10/25 v1.7 ifvtex legacy package. Use iftex instead.
)
\Gm@cnth=\count282
\Gm@cntv=\count283
\c@Gm@tempcnt=\count284
\Gm@bindingoffset=\dimen183
\Gm@wd@mp=\dimen184
\Gm@odd@mp=\dimen185
\Gm@even@mp=\dimen186
\Gm@layoutwidth=\dimen187
\Gm@layoutheight=\dimen188
\Gm@layouthoffset=\dimen189
\Gm@layoutvoffset=\dimen190
\Gm@dimlist=\toks31
)
(/usr/share/texlive/texmf-dist/tex/latex/fancyhdr/fancyhdr.sty
Package: fancyhdr 2019/01/31 v3.10 Extensive control of page headers and footer
s
\f@nch@headwidth=\skip81
\f@nch@O@elh=\skip82
\f@nch@O@erh=\skip83
\f@nch@O@olh=\skip84
\f@nch@O@orh=\skip85
\f@nch@O@elf=\skip86
\f@nch@O@erf=\skip87
\f@nch@O@olf=\skip88
\f@nch@O@orf=\skip89
)
(/usr/share/texlive/texmf-dist/tex/latex/natbib/natbib.sty
Package: natbib 2010/09/13 8.31b (PWD, AO)
\bibhang=\skip90
\bibsep=\skip91
LaTeX Info: Redefining \cite on input line 694.
\c@NAT@ctr=\count285
)
(/usr/share/texlive/texmf-dist/tex/latex/tocloft/tocloft.sty
Package: tocloft 2017/08/31 v2.3i parameterised ToC, etc., typesetting
Package tocloft Info: The document has chapter divisions on input line 51.
\cftparskip=\skip92
\cftbeforetoctitleskip=\skip93
\cftaftertoctitleskip=\skip94
\cftbeforepartskip=\skip95
\cftpartnumwidth=\skip96
\cftpartindent=\skip97
\cftbeforechapskip=\skip98
\cftchapindent=\skip99
\cftchapnumwidth=\skip100
\cftbeforesecskip=\skip101
\cftsecindent=\skip102
\cftsecnumwidth=\skip103
\cftbeforesubsecskip=\skip104
\cftsubsecindent=\skip105
\cftsubsecnumwidth=\skip106
\cftbeforesubsubsecskip=\skip107
\cftsubsubsecindent=\skip108
\cftsubsubsecnumwidth=\skip109
\cftbeforeparaskip=\skip110
\cftparaindent=\skip111
\cftparanumwidth=\skip112
\cftbeforesubparaskip=\skip113
\cftsubparaindent=\skip114
\cftsubparanumwidth=\skip115
\cftbeforeloftitleskip=\skip116
\cftafterloftitleskip=\skip117
\cftbeforefigskip=\skip118
\cftfigindent=\skip119
\cftfignumwidth=\skip120
\c@lofdepth=\count286
\c@lotdepth=\count287
\cftbeforelottitleskip=\skip121
\cftafterlottitleskip=\skip122
\cftbeforetabskip=\skip123
\cfttabindent=\skip124
\cfttabnumwidth=\skip125
)
\@indexfile=\write4
\openout4 = `refman.idx'.


Writing index file refman.idx
(/usr/share/texlive/texmf-dist/tex/latex/newunicodechar/newunicodechar.sty
Package: newunicodechar 2018/04/08 v1.2 Defining Unicode characters
)

Package newunicodechar Warning: Redefining Unicode character on input line 116.



Package newunicodechar Warning: Redefining Unicode character on input line 117.


(/usr/share/texlive/texmf-dist/tex/latex/hyperref/hyperref.sty
Package: hyperref 2020/01/14 v7.00d Hypertext links for LaTeX

(/usr/share/texlive/texmf-dist/tex/generic/ltxcmds/ltxcmds.sty
Package: ltxcmds 2019/12/15 v1.24 LaTeX kernel commands for general use (HO)
)
(/usr/share/texlive/texmf-dist/tex/latex/pdftexcmds/pdftexcmds.sty
Package: pdftexcmds 2019/11/24 v0.31 Utility functions of pdfTeX for LuaTeX (HO
)

(/usr/share/texlive/texmf-dist/tex/generic/infwarerr/infwarerr.sty
Package: infwarerr 2019/12/03 v1.5 Providing info/warning/error messages (HO)
)
Package pdftexcmds Info: \pdf@primitive is available.
Package pdftexcmds Info: \pdf@ifprimitive is available.
Package pdftexcmds Info: \pdfdraftmode found.
)
(/usr/share/texlive/texmf-dist/tex/generic/kvsetkeys/kvsetkeys.sty
Package: kvsetkeys 2019/12/15 v1.18 Key value parser (HO)
)
(/usr/share/texlive/texmf-dist/tex/generic/kvdefinekeys/kvdefinekeys.sty
Package: kvdefinekeys 2019-12-19 v1.6 Define keys (HO)
)
(/usr/share/texlive/texmf-dist/tex/generic/pdfescape/pdfescape.sty
Package: pdfescape 2019/12/09 v1.15 Implements pdfTeX's escape features (HO)
)
(/usr/share/texlive/texmf-dist/tex/latex/hycolor/hycolor.sty
Package: hycolor 2020-01-27 v1.10 Color options for hyperref/bookmark (HO)
)
(/usr/share/texlive/texmf-dist/tex/latex/letltxmacro/letltxmacro.sty
Package: letltxmacro 2019/12/03 v1.6 Let assignment for LaTeX macros (HO)
)
(/usr/share/texlive/texmf-dist/tex/latex/auxhook/auxhook.sty
Package: auxhook 2019-12-17 v1.6 Hooks for auxiliary files (HO)
)
(/usr/share/texlive/texmf-dist/tex/latex/kvoptions/kvoptions.sty
Package: kvoptions 2019/11/29 v3.13 Key value format for package options (HO)
)
\@linkdim=\dimen191
\Hy@linkcounter=\count288
\Hy@pagecounter=\count289

(/usr/share/texlive/texmf-dist/tex/latex/hyperref/pd1enc.def
File: pd1enc.def 2020/01/14 v7.00d Hyperref: PDFDocEncoding definition (HO)
Now handling font encoding PD1 ...
... no UTF-8 mapping file for font encoding PD1
)
(/usr/share/texlive/texmf-dist/tex/generic/intcalc/intcalc.sty
Package: intcalc 2019/12/15 v1.3 Expandable calculations with integers (HO)
)
(/usr/share/texlive/texmf-dist/tex/generic/etexcmds/etexcmds.sty
Package: etexcmds 2019/12/15 v1.7 Avoid name clashes with e-TeX commands (HO)
)
\Hy@SavedSpaceFactor=\count290
\pdfmajorversion=\count291
Package hyperref Info: Hyper figures OFF on input line 4547.
Package hyperref Info: Link nesting OFF on input line 4552.
Package hyperref Info: Hyper index ON on input line 4555.
Package hyperref Info: Plain pages OFF on input line 4562.
Package hyperref Info: Backreferencing ON on input line 4565.
Package hyperref Info: Implicit mode ON; LaTeX internals redefined.
Package hyperref Info: Bookmarks ON on input line 4800.

(/usr/share/texlive/texmf-dist/tex/latex/hyperref/backref.sty
Package: backref 2020/01/14 v1.40 Bibliographical back referencing

(/usr/share/texlive/texmf-dist/tex/latex/rerunfilecheck/rerunfilecheck.sty
Package: rerunfilecheck 2019/12/05 v1.9 Rerun checks for auxiliary files (HO)

(/usr/share/texlive/texmf-dist/tex/latex/atveryend/atveryend.sty
Package: atveryend 2019-12-11 v1.11 Hooks at the very end of document (HO)
)
(/usr/share/texlive/texmf-dist/tex/generic/uniquecounter/uniquecounter.sty
Package: uniquecounter 2019/12/15 v1.4 Provide unlimited unique counter (HO)

(/usr/share/texlive/texmf-dist/tex/generic/bigintcalc/bigintcalc.sty
Package: bigintcalc 2019/12/15 v1.5 Expandable calculations on big integers (HO
)
))
Package uniquecounter Info: New unique counter `rerunfilecheck' on input line 2
86.
))
\c@Hy@tempcnt=\count292

(/usr/share/texlive/texmf-dist/tex/latex/url/url.sty
\Urlmuskip=\muskip16
Package: url 2013/09/16  ver 3.4  Verb mode for urls, etc.
)
LaTeX Info: Redefining \url on input line 5159.
\XeTeXLinkMargin=\dimen192

(/usr/share/texlive/texmf-dist/tex/generic/bitset/bitset.sty
Package: bitset 2019/12/09 v1.3 Handle bit-vector datatype (HO)
)
\Fld@menulength=\count293
\Field@Width=\dimen193
\Fld@charsize=\dimen194
Package hyperref Info: Hyper figures OFF on input line 6430.
Package hyperref Info: Link nesting OFF on input line 6435.
Package hyperref Info: Hyper index ON on input line 6438.
Package hyperref Info: backreferencing ON on input line 6443.
Package hyperref Info: Link coloring OFF on input line 6450.
Package hyperref Info: Link coloring with OCG OFF on input line 6455.
Package hyperref Info: PDF/A mode OFF on input line 6460.
LaTeX Info: Redefining \ref on input line 6500.
LaTeX Info: Redefining \pageref on input line 6504.

(/usr/share/texlive/texmf-dist/tex/generic/atbegshi/atbegshi.sty
Package: atbegshi 2019/12/05 v1.19 At begin shipout hook (HO)
)
\Hy@abspage=\count294
\c@Item=\count295
\c@Hfootnote=\count296
)
Package hyperref Info: Driver: hpdftex.

(/usr/share/texlive/texmf-dist/tex/latex/hyperref/hpdftex.def
File: hpdftex.def 2020/01/14 v7.00d Hyperref driver for pdfTeX
\Fld@listcount=\count297
\c@bookmark@seq@number=\count298
\Hy@SectionHShift=\skip126
)
Package hyperref Info: Option `colorlinks' set `true' on input line 135.
Package hyperref Info: Option `unicode' set `true' on input line 135.

(/usr/share/texlive/texmf-dist/tex/latex/hyperref/puenc.def
File: puenc.def 2020/01/14 v7.00d Hyperref: PDF Unicode definition (HO)
Now handling font encoding PU ...
... no UTF-8 mapping file for font encoding PU
)
(/usr/share/texlive/texmf-dist/tex/latex/caption/caption.sty
Package: caption 2020/01/03 v3.4h Customizing captions (AR)

(/usr/share/texlive/texmf-dist/tex/latex/caption/caption3.sty
Package: caption3 2020/01/03 v1.8h caption3 kernel (AR)
Package caption3 Info: TeX engine: e-TeX on input line 61.
\captionmargin=\dimen195
\captionmargin@=\dimen196
\captionwidth=\dimen197
\caption@tempdima=\dimen198
\caption@indent=\dimen199
\caption@parindent=\dimen256
\caption@hangindent=\dimen257
Package caption Info: Standard document class detected.
)
\c@caption@flags=\count299
\c@continuedfloat=\count300
Package caption Info: float package is loaded.
Package caption Info: hyperref package is loaded.
Package caption Info: longtable package is loaded.

(/usr/share/texlive/texmf-dist/tex/latex/caption/ltcaption.sty
Package: ltcaption 2018/08/26 v1.4a longtable captions (AR)
))
(/usr/share/texlive/texmf-dist/tex/latex/etoc/etoc.sty
Package: etoc 2019/11/17 v1.09b Completely customisable TOCs (JFB)
\Etoc@toctoks=\toks32
\c@etoc@tocid=\count301
\c@etoc@tocdepth=\count302
\etoc@framed@titlebox=\box112
\etoc@framed@contentsbox=\box113
)
(/usr/share/texlive/texmf-dist/tex/latex/l3backend/l3backend-pdfmode.def
File: l3backend-pdfmode.def 2020-02-03 L3 backend support: PDF mode
\l__kernel_color_stack_int=\count303
\l__pdf_internal_box=\box114
)
(./refman.aux)
\openout1 = `refman.aux'.

LaTeX Font Info:    Checking defaults for OML/cmm/m/it on input line 150.
LaTeX Font Info:    ... okay on input line 150.
LaTeX Font Info:    Checking defaults for OMS/cmsy/m/n on input line 150.
LaTeX Font Info:    ... okay on input line 150.
LaTeX Font Info:    Checking defaults for OT1/cmr/m/n on input line 150.
LaTeX Font Info:    ... okay on input line 150.
LaTeX Font Info:    Checking defaults for T1/cmr/m/n on input line 150.
LaTeX Font Info:    ... okay on input line 150.
LaTeX Font Info:    Checking defaults for TS1/cmr/m/n on input line 150.
LaTeX Font Info:    ... okay on input line 150.
LaTeX Font Info:    Checking defaults for OMX/cmex/m/n on input line 150.
LaTeX Font Info:    ... okay on input line 150.
LaTeX Font Info:    Checking defaults for U/cmr/m/n on input line 150.
LaTeX Font Info:    ... okay on input line 150.
LaTeX Font Info:    Checking defaults for PD1/pdf/m/n on input line 150.
LaTeX Font Info:    ... okay on input line 150.
LaTeX Font Info:    Checking defaults for PU/pdf/m/n on input line 150.
LaTeX Font Info:    ... okay on input line 150.
LaTeX Font Info:    Trying to load font information for T1+phv on input line 15
0.
 (/usr/share/texlive/texmf-dist/tex/latex/psnfss/t1phv.fd
File: t1phv.fd 2001/06/04 scalable font definitions for T1/phv.
)
LaTeX Font Info:    Font shape `T1/phv/m/n' will be
(Font)              scaled to size 8.99994pt on input line 150.

(/usr/share/texlive/texmf-dist/tex/context/base/mkii/supp-pdf.mkii
[Loading MPS to PDF converter (version 2006.09.02).]
\scratchcounter=\count304
\scratchdimen=\dimen258
\scratchbox=\box115
\nofMPsegments=\count305
\nofMParguments=\count306
\everyMPshowfont=\toks33
\MPscratchCnt=\count307
\MPscratchDim=\dimen259
\MPnumerator=\count308
\makeMPintoPDFobject=\count309
\everyMPtoPDFconversion=\toks34
) (/usr/share/texlive/texmf-dist/tex/latex/epstopdf-pkg/epstopdf-base.sty
Package: epstopdf-base 2020-01-24 v2.11 Base part for package epstopdf
Package epstopdf-base Info: Redefining graphics rule for `.eps' on input line 4
85.

(/usr/share/texlive/texmf-dist/tex/latex/latexconfig/epstopdf-sys.cfg
File: epstopdf-sys.cfg 2010/07/13 v1.3 Configuration of (r)epstopdf for TeX Liv
e
))
*geometry* driver: auto-detecting
*geometry* detected driver: pdftex
*geometry* verbose mode - [ preamble ] result:
* driver: pdftex
* paper: a4paper
* layout: <same size as paper>
* layoutoffset:(h,v)=(0.0pt,0.0pt)
* modes: twoside 
* h-part:(L,W,R)=(71.13188pt, 455.24411pt, 71.13188pt)
* v-part:(T,H,B)=(71.13188pt, 702.78308pt, 71.13188pt)
* \paperwidth=597.50787pt
* \paperheight=845.04684pt
* \textwidth=455.24411pt
* \textheight=702.78308pt
* \oddsidemargin=-1.1381pt
* \evensidemargin=-1.1381pt
* \topmargin=-31.2056pt
* \headheight=12.0pt
* \headsep=18.06749pt
* \topskip=10.0pt
* \footskip=25.29494pt
* \marginparwidth=125.0pt
* \marginparsep=7.0pt
* \columnsep=10.0pt
* \skip\footins=9.0pt plus 4.0pt minus 2.0pt
* \hoffset=0.0pt
* \voffset=0.0pt
* \mag=1000
* \@twocolumnfalse
* \@twosidetrue
* \@mparswitchtrue
* \@reversemarginfalse
* (1in=72.27pt=25.4mm, 1cm=28.453pt)

Package backref Info: ** backref set up for natbib ** on input line 150.
\AtBeginShipoutBox=\box116
Package hyperref Info: Link coloring ON on input line 150.
(/usr/share/texlive/texmf-dist/tex/latex/hyperref/nameref.sty
Package: nameref 2019/09/16 v2.46 Cross-referencing by name of section

(/usr/share/texlive/texmf-dist/tex/latex/refcount/refcount.sty
Package: refcount 2019/12/15 v3.6 Data extraction from label references (HO)
)
(/usr/share/texlive/texmf-dist/tex/generic/gettitlestring/gettitlestring.sty
Package: gettitlestring 2019/12/15 v1.6 Cleanup title references (HO)
)
\c@section@level=\count310
)
LaTeX Info: Redefining \ref on input line 150.
LaTeX Info: Redefining \pageref on input line 150.
LaTeX Info: Redefining \nameref on input line 150.

(./refman.out) (./refman.out)
\@outlinefile=\write5
\openout5 = `refman.out'.

Package caption Info: Begin \AtBeginDocument code.
Package caption Info: End \AtBeginDocument code.
\Etoc@tf=\read4
Package hyperref Info: Option `pageanchor' set `false' on input line 156.
Package hyperref Info: Option `bookmarksnumbered' set `true' on input line 156.

Package hyperref Info: Option `unicode' set `true' on input line 156.
LaTeX Font Info:    Font shape `T1/phv/m/n' will be
(Font)              scaled to size 12.9599pt on input line 161.
LaTeX Font Info:    Font shape `T1/phv/m/n' will be
(Font)              scaled to size 10.79993pt on input line 163.
 [1


{/var/lib/texmf/fonts/map/pdftex/updmap/pdftex.map}] [2

]
\tf@toc=\write6
\openout6 = `refman.toc'.

LaTeX Font Info:    Font shape `T1/phv/b/n' will be
(Font)              scaled to size 8.99994pt on input line 169.
LaTeX Font Info:    Trying to load font information for U+msa on input line 169
.
 (/usr/share/texlive/texmf-dist/tex/latex/amsfonts/umsa.fd
File: umsa.fd 2013/01/14 v3.01 AMS symbols A
)
LaTeX Font Info:    Trying to load font information for U+msb on input line 169
.

(/usr/share/texlive/texmf-dist/tex/latex/amsfonts/umsb.fd
File: umsb.fd 2013/01/14 v3.01 AMS symbols B
)
LaTeX Font Info:    Trying to load font information for U+wasy on input line 16
9.

(/usr/share/texlive/texmf-dist/tex/latex/wasysym/uwasy.fd
File: uwasy.fd 2020/01/19 v2.4 Wasy-2 symbol font definitions
)
LaTeX Font Info:    Font shape `T1/phv/m/n' will be
(Font)              scaled to size 6.29996pt on input line 169.
LaTeX Font Info:    Font shape `T1/phv/b/n' will be
(Font)              scaled to size 6.29996pt on input line 169.
 [1] [2] [3] [4]
[5] [6] [7] [8

]
Package hyperref Info: Option `pageanchor' set `true' on input line 171.

Chapter 1.
LaTeX Font Info:    Font shape `T1/phv/m/n' will be
(Font)              scaled to size 18.66588pt on input line 174.
LaTeX Font Info:    Font shape `T1/phv/b/n' will be
(Font)              scaled to size 18.66588pt on input line 174.
LaTeX Font Info:    Font shape `T1/phv/bc/n' will be
(Font)              scaled to size 18.66588pt on input line 174.
LaTeX Font Info:    Font shape `T1/phv/m/n' will be
(Font)              scaled to size 22.39185pt on input line 174.
LaTeX Font Info:    Font shape `T1/phv/b/n' will be
(Font)              scaled to size 22.39185pt on input line 174.
LaTeX Font Info:    Font shape `T1/phv/bc/n' will be
(Font)              scaled to size 22.39185pt on input line 174.
(./namespaces.tex
LaTeX Font Info:    Font shape `T1/phv/b/n' will be
(Font)              scaled to size 12.9599pt on input line 1.
) [1


] [2

]
Chapter 2.
(./hierarchy.tex) [3] [4

]
Chapter 3.
(./annotated.tex) [5] [6

]
Chapter 4.
(./files.tex) [7] [8

]
Chapter 5.
(./namespacemanage.tex
LaTeX Font Info:    Font shape `T1/phv/b/n' will be
(Font)              scaled to size 10.79993pt on input line 3.
LaTeX Font Info:    Trying to load font information for TS1+phv on input line 6
.

(/usr/share/texlive/texmf-dist/tex/latex/psnfss/ts1phv.fd
File: ts1phv.fd 2001/06/04 scalable font definitions for TS1/phv.
)
LaTeX Font Info:    Font shape `TS1/phv/m/n' will be
(Font)              scaled to size 8.99994pt on input line 6.
LaTeX Font Info:    Font shape `T1/phv/m/n' will be
(Font)              scaled to size 7.19995pt on input line 11.
LaTeX Font Info:    Trying to load font information for T1+pcr on input line 11
.

(/usr/share/texlive/texmf-dist/tex/latex/psnfss/t1pcr.fd
File: t1pcr.fd 2001/06/04 font definitions for T1/pcr.
))
(./namespaceself__service__terminal.tex)
(./namespaceself__service__terminal_1_1actions.tex [9]
LaTeX Font Info:    Font shape `T1/pcr/m/it' in size <8> not available
(Font)              Font shape `T1/pcr/m/sl' tried instead on input line 17.
)
(./namespaceself__service__terminal_1_1admin.tex [10]
LaTeX Font Info:    Trying to load font information for TS1+pcr on input line 4
0.

(/usr/share/texlive/texmf-dist/tex/latex/psnfss/ts1pcr.fd
File: ts1pcr.fd 2001/06/04 font definitions for TS1/pcr.
))
(./namespaceself__service__terminal_1_1apps.tex)
(./namespaceself__service__terminal_1_1constants.tex [11])
(./namespaceself__service__terminal_1_1models.tex)
(./namespaceself__service__terminal_1_1printer__status.tex [12])
(./namespaceself__service__terminal_1_1tests.tex [13])
(./namespaceself__service__terminal_1_1urls.tex [14])
(./namespaceself__service__terminal_1_1views.tex [15]
LaTeX Font Info:    Font shape `T1/pcr/m/it' in size <7> not available
(Font)              Font shape `T1/pcr/m/sl' tried instead on input line 45.
 [16] [17])
(./namespacesp4.tex) (./namespacesp4_1_1asgi.tex [18])
(./namespacesp4_1_1settings.tex [19] [20] [21] [22] [23])
(./namespacesp4_1_1urls.tex) (./namespacesp4_1_1wsgi.tex [24]) [25] [26

]
Chapter 6.
(./classself__service__terminal_1_1tests_1_1_default_test_case.tex <./classself
__service__terminal_1_1tests_1_1_default_test_case__inherit__graph.pdf

pdfTeX warning: pdflatex (file ./classself__service__terminal_1_1tests_1_1_defa
ult_test_case__inherit__graph.pdf): PDF inclusion: multiple pdfs with page grou
p included in a single page
>
<classself__service__terminal_1_1tests_1_1_default_test_case__inherit__graph.pd
f, id=1891, 517.935pt x 160.6pt>
File: classself__service__terminal_1_1tests_1_1_default_test_case__inherit__gra
ph.pdf Graphic file (type pdf)
<use classself__service__terminal_1_1tests_1_1_default_test_case__inherit__grap
h.pdf>
Package pdftex.def Info: classself__service__terminal_1_1tests_1_1_default_test
_case__inherit__graph.pdf  used on input line 10.
(pdftex.def)             Requested size: 350.0pt x 108.53264pt.
 <./classself__service__terminal_1_1tests_1_1_default_test_case__coll__graph.pd
f

pdfTeX warning: pdflatex (file ./classself__service__terminal_1_1tests_1_1_defa
ult_test_case__coll__graph.pdf): PDF inclusion: multiple pdfs with page group i
ncluded in a single page
>
<classself__service__terminal_1_1tests_1_1_default_test_case__coll__graph.pdf, 
id=1899, 232.87pt x 167.62625pt>
File: classself__service__terminal_1_1tests_1_1_default_test_case__coll__graph.
pdf Graphic file (type pdf)
<use classself__service__terminal_1_1tests_1_1_default_test_case__coll__graph.p
df>
Package pdftex.def Info: classself__service__terminal_1_1tests_1_1_default_test
_case__coll__graph.pdf  used on input line 20.
(pdftex.def)             Requested size: 232.0pt x 167.00684pt.
 [27]
Overfull \hbox (30.80264pt too wide) in paragraph at lines 96--97
[]\T1/phv/m/n/10 Reimplemented in [], and []. 
 []

[28] [29] [30] [31])
(./classself__service__terminal_1_1tests_1_1_export_import_test_case.tex <./cla
ssself__service__terminal_1_1tests_1_1_export_import_test_case__inherit__graph.
pdf

pdfTeX warning: pdflatex (file ./classself__service__terminal_1_1tests_1_1_expo
rt_import_test_case__inherit__graph.pdf): PDF inclusion: multiple pdfs with pag
e group included in a single page
>
<classself__service__terminal_1_1tests_1_1_export_import_test_case__inherit__gr
aph.pdf, id=1980, 232.87pt x 167.62625pt>
File: classself__service__terminal_1_1tests_1_1_export_import_test_case__inheri
t__graph.pdf Graphic file (type pdf)
<use classself__service__terminal_1_1tests_1_1_export_import_test_case__inherit
__graph.pdf>
Package pdftex.def Info: classself__service__terminal_1_1tests_1_1_export_impor
t_test_case__inherit__graph.pdf  used on input line 10.
(pdftex.def)             Requested size: 232.0pt x 167.00684pt.
 <./classself__service__terminal_1_1tests_1_1_export_import_test_case__coll__gr
aph.pdf

pdfTeX warning: pdflatex (file ./classself__service__terminal_1_1tests_1_1_expo
rt_import_test_case__coll__graph.pdf): PDF inclusion: multiple pdfs with page g
roup included in a single page
>
<classself__service__terminal_1_1tests_1_1_export_import_test_case__coll__graph
.pdf, id=1988, 232.87pt x 167.62625pt>
File: classself__service__terminal_1_1tests_1_1_export_import_test_case__coll__
graph.pdf Graphic file (type pdf)
<use classself__service__terminal_1_1tests_1_1_export_import_test_case__coll__g
raph.pdf>
Package pdftex.def Info: classself__service__terminal_1_1tests_1_1_export_impor
t_test_case__coll__graph.pdf  used on input line 20.
(pdftex.def)             Requested size: 232.0pt x 167.00684pt.
 [32] [33]
Underfull \hbox (badness 10000) in paragraph at lines 99--100
\T1/pcr/m/n/8 def self[]_[]service[]_[]terminal.[]tests.[]Export[]Import[]Test[
]Case.[]test[]_[]number[]_[]of[]_[]db[]_[]entries[]_[]when[]_[]import[]_[]
 []

[34]) (./classself__service__terminal_1_1models_1_1_form.tex <./classself__serv
ice__terminal_1_1models_1_1_form__inherit__graph.pdf

pdfTeX warning: pdflatex (file ./classself__service__terminal_1_1models_1_1_for
m__inherit__graph.pdf): PDF inclusion: multiple pdfs with page group included i
n a single page
>
<classself__service__terminal_1_1models_1_1_form__inherit__graph.pdf, id=2038, 
269.005pt x 156.585pt>
File: classself__service__terminal_1_1models_1_1_form__inherit__graph.pdf Graph
ic file (type pdf)
<use classself__service__terminal_1_1models_1_1_form__inherit__graph.pdf>
Package pdftex.def Info: classself__service__terminal_1_1models_1_1_form__inher
it__graph.pdf  used on input line 10.
(pdftex.def)             Requested size: 268.0pt x 156.00162pt.
 <./classself__service__terminal_1_1models_1_1_form__coll__graph.pdf

pdfTeX warning: pdflatex (file ./classself__service__terminal_1_1models_1_1_for
m__coll__graph.pdf): PDF inclusion: multiple pdfs with page group included in a
 single page
>
<classself__service__terminal_1_1models_1_1_form__coll__graph.pdf, id=2046, 269
.005pt x 156.585pt>
File: classself__service__terminal_1_1models_1_1_form__coll__graph.pdf Graphic 
file (type pdf)
<use classself__service__terminal_1_1models_1_1_form__coll__graph.pdf>
Package pdftex.def Info: classself__service__terminal_1_1models_1_1_form__coll_
_graph.pdf  used on input line 20.
(pdftex.def)             Requested size: 268.0pt x 156.00162pt.
 [35] [36] [37]
Overfull \hbox (48.75621pt too wide) in paragraph at lines 132--133
\T1/pcr/m/n/8 self[]_[]service[]_[]terminal.[]models.[]Form.[]description = mod
els.[]Text[]Field(blank=True, verbose[]_[]name=\TS1/pcr/m/n/8 '\T1/pcr/m/n/8 Be
schreibung\TS1/pcr/m/n/8 '\T1/pcr/m/n/8 )
 []

[38]) (./classself__service__terminal_1_1admin_1_1_form_admin.tex <./classself_
_service__terminal_1_1admin_1_1_form_admin__inherit__graph.pdf

pdfTeX warning: pdflatex (file ./classself__service__terminal_1_1admin_1_1_form
_admin__inherit__graph.pdf): PDF inclusion: multiple pdfs with page group inclu
ded in a single page
>
<classself__service__terminal_1_1admin_1_1_form_admin__inherit__graph.pdf, id=2
102, 238.8925pt x 167.62625pt>
File: classself__service__terminal_1_1admin_1_1_form_admin__inherit__graph.pdf 
Graphic file (type pdf)
<use classself__service__terminal_1_1admin_1_1_form_admin__inherit__graph.pdf>
Package pdftex.def Info: classself__service__terminal_1_1admin_1_1_form_admin__
inherit__graph.pdf  used on input line 10.
(pdftex.def)             Requested size: 238.0pt x 166.99916pt.
 [39] <./classself__service__terminal_1_1admin_1_1_form_admin__coll__graph.pdf

pdfTeX warning: pdflatex (file ./classself__service__terminal_1_1admin_1_1_form
_admin__coll__graph.pdf): PDF inclusion: multiple pdfs with page group included
 in a single page
>
<classself__service__terminal_1_1admin_1_1_form_admin__coll__graph.pdf, id=2115
, 238.8925pt x 167.62625pt>
File: classself__service__terminal_1_1admin_1_1_form_admin__coll__graph.pdf Gra
phic file (type pdf)
<use classself__service__terminal_1_1admin_1_1_form_admin__coll__graph.pdf>
Package pdftex.def Info: classself__service__terminal_1_1admin_1_1_form_admin__
coll__graph.pdf  used on input line 20.
(pdftex.def)             Requested size: 238.0pt x 166.99916pt.
 [40]) (./classself__service__terminal_1_1admin_1_1_form_inline.tex <./classsel
f__service__terminal_1_1admin_1_1_form_inline__inherit__graph.pdf>
<classself__service__terminal_1_1admin_1_1_form_inline__inherit__graph.pdf, id=
2137, 238.8925pt x 167.62625pt>
File: classself__service__terminal_1_1admin_1_1_form_inline__inherit__graph.pdf
 Graphic file (type pdf)
<use classself__service__terminal_1_1admin_1_1_form_inline__inherit__graph.pdf>

Package pdftex.def Info: classself__service__terminal_1_1admin_1_1_form_inline_
_inherit__graph.pdf  used on input line 10.
(pdftex.def)             Requested size: 238.0pt x 166.99916pt.
 <./classself__service__terminal_1_1admin_1_1_form_inline__coll__graph.pdf

pdfTeX warning: pdflatex (file ./classself__service__terminal_1_1admin_1_1_form
_inline__coll__graph.pdf): PDF inclusion: multiple pdfs with page group include
d in a single page
>
<classself__service__terminal_1_1admin_1_1_form_inline__coll__graph.pdf, id=214
5, 238.8925pt x 167.62625pt>
File: classself__service__terminal_1_1admin_1_1_form_inline__coll__graph.pdf Gr
aphic file (type pdf)
<use classself__service__terminal_1_1admin_1_1_form_inline__coll__graph.pdf>
Package pdftex.def Info: classself__service__terminal_1_1admin_1_1_form_inline_
_coll__graph.pdf  used on input line 20.
(pdftex.def)             Requested size: 238.0pt x 166.99916pt.
 [41]
Underfull \hbox (badness 10000) in paragraph at lines 56--57
\T1/pcr/m/n/8 tuple self[]_[]service[]_[]terminal.[]admin.[]Form[]Inline.[]fiel
ds = (\TS1/pcr/m/n/8 '\T1/pcr/m/n/8 pdffile\TS1/pcr/m/n/8 '\T1/pcr/m/n/8 , \TS1
/pcr/m/n/8 '\T1/pcr/m/n/8 form[]_[]title\TS1/pcr/m/n/8 '\T1/pcr/m/n/8 , \TS1/pc
r/m/n/8 '\T1/pcr/m/n/8 description\TS1/pcr/m/n/8 '\T1/pcr/m/n/8 )
 []

) (./classself__service__terminal_1_1models_1_1_menu.tex <./classself__service_
_terminal_1_1models_1_1_menu__inherit__graph.pdf>
<classself__service__terminal_1_1models_1_1_menu__inherit__graph.pdf, id=2164, 
272.01625pt x 156.585pt>
File: classself__service__terminal_1_1models_1_1_menu__inherit__graph.pdf Graph
ic file (type pdf)
<use classself__service__terminal_1_1models_1_1_menu__inherit__graph.pdf>
Package pdftex.def Info: classself__service__terminal_1_1models_1_1_menu__inher
it__graph.pdf  used on input line 10.
(pdftex.def)             Requested size: 271.0pt x 156.00879pt.
 [42] <./classself__service__terminal_1_1models_1_1_menu__coll__graph.pdf>
<classself__service__terminal_1_1models_1_1_menu__coll__graph.pdf, id=2183, 272
.01625pt x 156.585pt>
File: classself__service__terminal_1_1models_1_1_menu__coll__graph.pdf Graphic 
file (type pdf)
<use classself__service__terminal_1_1models_1_1_menu__coll__graph.pdf>
Package pdftex.def Info: classself__service__terminal_1_1models_1_1_menu__coll_
_graph.pdf  used on input line 20.
(pdftex.def)             Requested size: 271.0pt x 156.00879pt.
 [43]
Overfull \hbox (39.1562pt too wide) in paragraph at lines 74--75
\T1/pcr/m/n/8 self[]_[]service[]_[]terminal.[]models.[]Menu.[]menu[]_[]text = m
odels.[]Text[]Field(blank=True, verbose[]_[]name=\TS1/pcr/m/n/8 '\T1/pcr/m/n/8 
Beschreibung\TS1/pcr/m/n/8 '\T1/pcr/m/n/8 )
 []

) (./classself__service__terminal_1_1admin_1_1_menu_admin.tex <./classself__ser
vice__terminal_1_1admin_1_1_menu_admin__inherit__graph.pdf>
<classself__service__terminal_1_1admin_1_1_menu_admin__inherit__graph.pdf, id=2
206, 238.8925pt x 167.62625pt>
File: classself__service__terminal_1_1admin_1_1_menu_admin__inherit__graph.pdf 
Graphic file (type pdf)
<use classself__service__terminal_1_1admin_1_1_menu_admin__inherit__graph.pdf>
Package pdftex.def Info: classself__service__terminal_1_1admin_1_1_menu_admin__
inherit__graph.pdf  used on input line 10.
(pdftex.def)             Requested size: 238.0pt x 166.99916pt.
 [44] <./classself__service__terminal_1_1admin_1_1_menu_admin__coll__graph.pdf

pdfTeX warning: pdflatex (file ./classself__service__terminal_1_1admin_1_1_menu
_admin__coll__graph.pdf): PDF inclusion: multiple pdfs with page group included
 in a single page
>
<classself__service__terminal_1_1admin_1_1_menu_admin__coll__graph.pdf, id=2222
, 238.8925pt x 167.62625pt>
File: classself__service__terminal_1_1admin_1_1_menu_admin__coll__graph.pdf Gra
phic file (type pdf)
<use classself__service__terminal_1_1admin_1_1_menu_admin__coll__graph.pdf>
Package pdftex.def Info: classself__service__terminal_1_1admin_1_1_menu_admin__
coll__graph.pdf  used on input line 20.
(pdftex.def)             Requested size: 238.0pt x 166.99916pt.
 [45]) (./classself__service__terminal_1_1admin_1_1_menu_inline.tex <./classsel
f__service__terminal_1_1admin_1_1_menu_inline__inherit__graph.pdf>
<classself__service__terminal_1_1admin_1_1_menu_inline__inherit__graph.pdf, id=
2247, 238.8925pt x 167.62625pt>
File: classself__service__terminal_1_1admin_1_1_menu_inline__inherit__graph.pdf
 Graphic file (type pdf)
<use classself__service__terminal_1_1admin_1_1_menu_inline__inherit__graph.pdf>

Package pdftex.def Info: classself__service__terminal_1_1admin_1_1_menu_inline_
_inherit__graph.pdf  used on input line 10.
(pdftex.def)             Requested size: 238.0pt x 166.99916pt.
 <./classself__service__terminal_1_1admin_1_1_menu_inline__coll__graph.pdf

pdfTeX warning: pdflatex (file ./classself__service__terminal_1_1admin_1_1_menu
_inline__coll__graph.pdf): PDF inclusion: multiple pdfs with page group include
d in a single page
>
<classself__service__terminal_1_1admin_1_1_menu_inline__coll__graph.pdf, id=225
5, 238.8925pt x 167.62625pt>
File: classself__service__terminal_1_1admin_1_1_menu_inline__coll__graph.pdf Gr
aphic file (type pdf)
<use classself__service__terminal_1_1admin_1_1_menu_inline__coll__graph.pdf>
Package pdftex.def Info: classself__service__terminal_1_1admin_1_1_menu_inline_
_coll__graph.pdf  used on input line 20.
(pdftex.def)             Requested size: 238.0pt x 166.99916pt.
 [46])
(./classself__service__terminal_1_1models_1_1_terminal___settings_1_1_meta.tex
[47]
Underfull \hbox (badness 10000) in paragraph at lines 24--25
\T1/pcr/m/n/8 string self[]_[]service[]_[]terminal.[]models.[]Terminal[]_[][]Se
ttings.[]Meta.[]verbose[]_[]name = \TS1/pcr/m/n/8 '\T1/pcr/m/n/8 Einstellungen\
TS1/pcr/m/n/8 '
 []

) (./classself__service__terminal_1_1models_1_1_menu_1_1_meta.tex [48])
(./classself__service__terminal_1_1models_1_1_form_1_1_meta.tex)
(./classself__service__terminal_1_1admin_1_1_my_admin_site.tex <./classself__se
rvice__terminal_1_1admin_1_1_my_admin_site__inherit__graph.pdf

pdfTeX warning: pdflatex (file ./classself__service__terminal_1_1admin_1_1_my_a
dmin_site__inherit__graph.pdf): PDF inclusion: multiple pdfs with page group in
cluded in a single page
>
<classself__service__terminal_1_1admin_1_1_my_admin_site__inherit__graph.pdf, i
d=2300, 238.8925pt x 167.62625pt>
File: classself__service__terminal_1_1admin_1_1_my_admin_site__inherit__graph.p
df Graphic file (type pdf)
<use classself__service__terminal_1_1admin_1_1_my_admin_site__inherit__graph.pd
f>
Package pdftex.def Info: classself__service__terminal_1_1admin_1_1_my_admin_sit
e__inherit__graph.pdf  used on input line 10.
(pdftex.def)             Requested size: 238.0pt x 166.99916pt.
 [49] <./classself__service__terminal_1_1admin_1_1_my_admin_site__coll__graph.p
df

pdfTeX warning: pdflatex (file ./classself__service__terminal_1_1admin_1_1_my_a
dmin_site__coll__graph.pdf): PDF inclusion: multiple pdfs with page group inclu
ded in a single page
>
<classself__service__terminal_1_1admin_1_1_my_admin_site__coll__graph.pdf, id=2
314, 238.8925pt x 167.62625pt>
File: classself__service__terminal_1_1admin_1_1_my_admin_site__coll__graph.pdf 
Graphic file (type pdf)
<use classself__service__terminal_1_1admin_1_1_my_admin_site__coll__graph.pdf>
Package pdftex.def Info: classself__service__terminal_1_1admin_1_1_my_admin_sit
e__coll__graph.pdf  used on input line 20.
(pdftex.def)             Requested size: 238.0pt x 166.99916pt.

Underfull \hbox (badness 10000) in paragraph at lines 42--43
\T1/pcr/m/n/8 string self[]_[]service[]_[]terminal.[]admin.[]My[]Admin[]Site.[]
site[]_[]header = \TS1/pcr/m/n/8 '\T1/pcr/m/n/8 Monty python adminstration\TS1/
pcr/m/n/8 '
 []

) (./classself__service__terminal_1_1tests_1_1_no_pdf_set_test_case.tex <./clas
sself__service__terminal_1_1tests_1_1_no_pdf_set_test_case__inherit__graph.pdf

pdfTeX warning: pdflatex (file ./classself__service__terminal_1_1tests_1_1_no_p
df_set_test_case__inherit__graph.pdf): PDF inclusion: multiple pdfs with page g
roup included in a single page
>
<classself__service__terminal_1_1tests_1_1_no_pdf_set_test_case__inherit__graph
.pdf, id=2323, 232.87pt x 167.62625pt>
File: classself__service__terminal_1_1tests_1_1_no_pdf_set_test_case__inherit__
graph.pdf Graphic file (type pdf)
<use classself__service__terminal_1_1tests_1_1_no_pdf_set_test_case__inherit__g
raph.pdf>
Package pdftex.def Info: classself__service__terminal_1_1tests_1_1_no_pdf_set_t
est_case__inherit__graph.pdf  used on input line 10.
(pdftex.def)             Requested size: 232.0pt x 167.00684pt.
 [50] <./classself__service__terminal_1_1tests_1_1_no_pdf_set_test_case__coll__
graph.pdf>
<classself__service__terminal_1_1tests_1_1_no_pdf_set_test_case__coll__graph.pd
f, id=2340, 232.87pt x 167.62625pt>
File: classself__service__terminal_1_1tests_1_1_no_pdf_set_test_case__coll__gra
ph.pdf Graphic file (type pdf)
<use classself__service__terminal_1_1tests_1_1_no_pdf_set_test_case__coll__grap
h.pdf>
Package pdftex.def Info: classself__service__terminal_1_1tests_1_1_no_pdf_set_t
est_case__coll__graph.pdf  used on input line 20.
(pdftex.def)             Requested size: 232.0pt x 167.00684pt.
 [51] [52])
(./classself__service__terminal_1_1tests_1_1_pagination_test_case.tex <./classs
elf__service__terminal_1_1tests_1_1_pagination_test_case__inherit__graph.pdf

pdfTeX warning: pdflatex (file ./classself__service__terminal_1_1tests_1_1_pagi
nation_test_case__inherit__graph.pdf): PDF inclusion: multiple pdfs with page g
roup included in a single page
>
<classself__service__terminal_1_1tests_1_1_pagination_test_case__inherit__graph
.pdf, id=2379, 232.87pt x 167.62625pt>
File: classself__service__terminal_1_1tests_1_1_pagination_test_case__inherit__
graph.pdf Graphic file (type pdf)
<use classself__service__terminal_1_1tests_1_1_pagination_test_case__inherit__g
raph.pdf>
Package pdftex.def Info: classself__service__terminal_1_1tests_1_1_pagination_t
est_case__inherit__graph.pdf  used on input line 10.
(pdftex.def)             Requested size: 232.0pt x 167.00684pt.
 <./classself__service__terminal_1_1tests_1_1_pagination_test_case__coll__graph
.pdf

pdfTeX warning: pdflatex (file ./classself__service__terminal_1_1tests_1_1_pagi
nation_test_case__coll__graph.pdf): PDF inclusion: multiple pdfs with page grou
p included in a single page
>
<classself__service__terminal_1_1tests_1_1_pagination_test_case__coll__graph.pd
f, id=2387, 232.87pt x 167.62625pt>
File: classself__service__terminal_1_1tests_1_1_pagination_test_case__coll__gra
ph.pdf Graphic file (type pdf)
<use classself__service__terminal_1_1tests_1_1_pagination_test_case__coll__grap
h.pdf>
Package pdftex.def Info: classself__service__terminal_1_1tests_1_1_pagination_t
est_case__coll__graph.pdf  used on input line 20.
(pdftex.def)             Requested size: 232.0pt x 167.00684pt.
 [53] [54] [55])
(./classself__service__terminal_1_1tests_1_1_production_case.tex <./classself__
service__terminal_1_1tests_1_1_production_case__inherit__graph.pdf

pdfTeX warning: pdflatex (file ./classself__service__terminal_1_1tests_1_1_prod
uction_case__inherit__graph.pdf): PDF inclusion: multiple pdfs with page group 
included in a single page
>
<classself__service__terminal_1_1tests_1_1_production_case__inherit__graph.pdf,
 id=2426, 232.87pt x 234.8775pt>
File: classself__service__terminal_1_1tests_1_1_production_case__inherit__graph
.pdf Graphic file (type pdf)
<use classself__service__terminal_1_1tests_1_1_production_case__inherit__graph.
pdf>
Package pdftex.def Info: classself__service__terminal_1_1tests_1_1_production_c
ase__inherit__graph.pdf  used on input line 10.
(pdftex.def)             Requested size: 232.0pt x 234.0096pt.
 <./classself__service__terminal_1_1tests_1_1_production_case__coll__graph.pdf

pdfTeX warning: pdflatex (file ./classself__service__terminal_1_1tests_1_1_prod
uction_case__coll__graph.pdf): PDF inclusion: multiple pdfs with page group inc
luded in a single page
>
<classself__service__terminal_1_1tests_1_1_production_case__coll__graph.pdf, id
=2434, 232.87pt x 234.8775pt>
File: classself__service__terminal_1_1tests_1_1_production_case__coll__graph.pd
f Graphic file (type pdf)
<use classself__service__terminal_1_1tests_1_1_production_case__coll__graph.pdf
>
Package pdftex.def Info: classself__service__terminal_1_1tests_1_1_production_c
ase__coll__graph.pdf  used on input line 20.
(pdftex.def)             Requested size: 232.0pt x 234.0096pt.
 [56] [57])
(./classself__service__terminal_1_1apps_1_1_self_service_terminal_config.tex <.
/classself__service__terminal_1_1apps_1_1_self_service_terminal_config__inherit
__graph.pdf>
<classself__service__terminal_1_1apps_1_1_self_service_terminal_config__inherit
__graph.pdf, id=2472, 231.86626pt x 167.62625pt>
File: classself__service__terminal_1_1apps_1_1_self_service_terminal_config__in
herit__graph.pdf Graphic file (type pdf)
<use classself__service__terminal_1_1apps_1_1_self_service_terminal_config__inh
erit__graph.pdf>
Package pdftex.def Info: classself__service__terminal_1_1apps_1_1_self_service_
terminal_config__inherit__graph.pdf  used on input line 10.
(pdftex.def)             Requested size: 231.0pt x 167.00427pt.
 [58] <./classself__service__terminal_1_1apps_1_1_self_service_terminal_config_
_coll__graph.pdf

pdfTeX warning: pdflatex (file ./classself__service__terminal_1_1apps_1_1_self_
service_terminal_config__coll__graph.pdf): PDF inclusion: multiple pdfs with pa
ge group included in a single page
>
<classself__service__terminal_1_1apps_1_1_self_service_terminal_config__coll__g
raph.pdf, id=2484, 231.86626pt x 167.62625pt>
File: classself__service__terminal_1_1apps_1_1_self_service_terminal_config__co
ll__graph.pdf Graphic file (type pdf)
<use classself__service__terminal_1_1apps_1_1_self_service_terminal_config__col
l__graph.pdf>
Package pdftex.def Info: classself__service__terminal_1_1apps_1_1_self_service_
terminal_config__coll__graph.pdf  used on input line 20.
(pdftex.def)             Requested size: 231.0pt x 167.00427pt.

Underfull \hbox (badness 10000) in paragraph at lines 42--43
\T1/pcr/m/n/8 string self[]_[]service[]_[]terminal.[]apps.[]Self[]Service[]Term
inal[]Config.[]name = \TS1/pcr/m/n/8 '\T1/pcr/m/n/8 self[]_[]service[]_[]termin
al\TS1/pcr/m/n/8 '
 []

) (./classself__service__terminal_1_1models_1_1_terminal___settings.tex
[59] <./classself__service__terminal_1_1models_1_1_terminal___settings__inherit
__graph.pdf>
<classself__service__terminal_1_1models_1_1_terminal___settings__inherit__graph
.pdf, id=2502, 244.915pt x 167.62625pt>
File: classself__service__terminal_1_1models_1_1_terminal___settings__inherit__
graph.pdf Graphic file (type pdf)
<use classself__service__terminal_1_1models_1_1_terminal___settings__inherit__g
raph.pdf>
Package pdftex.def Info: classself__service__terminal_1_1models_1_1_terminal___
settings__inherit__graph.pdf  used on input line 10.
(pdftex.def)             Requested size: 244.0pt x 167.00427pt.
 <./classself__service__terminal_1_1models_1_1_terminal___settings__coll__graph
.pdf

pdfTeX warning: pdflatex (file ./classself__service__terminal_1_1models_1_1_ter
minal___settings__coll__graph.pdf): PDF inclusion: multiple pdfs with page grou
p included in a single page
>
<classself__service__terminal_1_1models_1_1_terminal___settings__coll__graph.pd
f, id=2510, 244.915pt x 167.62625pt>
File: classself__service__terminal_1_1models_1_1_terminal___settings__coll__gra
ph.pdf Graphic file (type pdf)
<use classself__service__terminal_1_1models_1_1_terminal___settings__coll__grap
h.pdf>
Package pdftex.def Info: classself__service__terminal_1_1models_1_1_terminal___
settings__coll__graph.pdf  used on input line 20.
(pdftex.def)             Requested size: 244.0pt x 167.00427pt.
 [60] [61] [62])
(./classself__service__terminal_1_1admin_1_1_terminal___settings_admin.tex <./c
lassself__service__terminal_1_1admin_1_1_terminal___settings_admin__inherit__gr
aph.pdf

pdfTeX warning: pdflatex (file ./classself__service__terminal_1_1admin_1_1_term
inal___settings_admin__inherit__graph.pdf): PDF inclusion: multiple pdfs with p
age group included in a single page
>
<classself__service__terminal_1_1admin_1_1_terminal___settings_admin__inherit__
graph.pdf, id=2558, 238.8925pt x 167.62625pt>
File: classself__service__terminal_1_1admin_1_1_terminal___settings_admin__inhe
rit__graph.pdf Graphic file (type pdf)
<use classself__service__terminal_1_1admin_1_1_terminal___settings_admin__inher
it__graph.pdf>
Package pdftex.def Info: classself__service__terminal_1_1admin_1_1_terminal___s
ettings_admin__inherit__graph.pdf  used on input line 10.
(pdftex.def)             Requested size: 238.0pt x 166.99916pt.
 <./classself__service__terminal_1_1admin_1_1_terminal___settings_admin__coll__
graph.pdf

pdfTeX warning: pdflatex (file ./classself__service__terminal_1_1admin_1_1_term
inal___settings_admin__coll__graph.pdf): PDF inclusion: multiple pdfs with page
 group included in a single page
>
<classself__service__terminal_1_1admin_1_1_terminal___settings_admin__coll__gra
ph.pdf, id=2566, 238.8925pt x 167.62625pt>
File: classself__service__terminal_1_1admin_1_1_terminal___settings_admin__coll
__graph.pdf Graphic file (type pdf)
<use classself__service__terminal_1_1admin_1_1_terminal___settings_admin__coll_
_graph.pdf>
Package pdftex.def Info: classself__service__terminal_1_1admin_1_1_terminal___s
ettings_admin__coll__graph.pdf  used on input line 20.
(pdftex.def)             Requested size: 238.0pt x 166.99916pt.
 [63])
(./classself__service__terminal_1_1tests_1_1_unconnected_configuration.tex <./c
lassself__service__terminal_1_1tests_1_1_unconnected_configuration__inherit__gr
aph.pdf>
<classself__service__terminal_1_1tests_1_1_unconnected_configuration__inherit__
graph.pdf, id=2582, 232.87pt x 234.8775pt>
File: classself__service__terminal_1_1tests_1_1_unconnected_configuration__inhe
rit__graph.pdf Graphic file (type pdf)
<use classself__service__terminal_1_1tests_1_1_unconnected_configuration__inher
it__graph.pdf>
Package pdftex.def Info: classself__service__terminal_1_1tests_1_1_unconnected_
configuration__inherit__graph.pdf  used on input line 10.
(pdftex.def)             Requested size: 232.0pt x 234.0096pt.
 [64] <./classself__service__terminal_1_1tests_1_1_unconnected_configuration__c
oll__graph.pdf>
<classself__service__terminal_1_1tests_1_1_unconnected_configuration__coll__gra
ph.pdf, id=2598, 232.87pt x 234.8775pt>
File: classself__service__terminal_1_1tests_1_1_unconnected_configuration__coll
__graph.pdf Graphic file (type pdf)
<use classself__service__terminal_1_1tests_1_1_unconnected_configuration__coll_
_graph.pdf>
Package pdftex.def Info: classself__service__terminal_1_1tests_1_1_unconnected_
configuration__coll__graph.pdf  used on input line 20.
(pdftex.def)             Requested size: 232.0pt x 234.0096pt.
 [65] [66]) [67] [68

]
Chapter 7.
(./self__service__terminal_2____init_____8py.tex) (./sp4_2____init_____8py.tex)
(./actions_8py.tex) (./admin_8py.tex [69]) (./apps_8py.tex) (./asgi_8py.tex)
(./constants_8py.tex) (./manage_8py.tex) (./models_8py.tex [70])
(./printer__status_8py.tex) (./settings_8py.tex [71]) (./tests_8py.tex)
(./self__service__terminal_2urls_8py.tex) (./sp4_2urls_8py.tex)
(./views_8py.tex [72]
Underfull \hbox (badness 2443) in paragraph at lines 27--29
[]\T1/phv/m/n/10 def [] (request=Http[]Request(), import[]_[]string=False, impo
rted[]_[]
 []

) (./wsgi_8py.tex) [73] [74

] (./refman.ind
Underfull \hbox (badness 10000) in paragraph at lines 7--9
[]| \T1/phv/m/n/10 self_service_terminal.models.Terminal_Settings,
 []


Underfull \hbox (badness 10000) in paragraph at lines 38--40
[]| \T1/phv/m/n/10 self_service_terminal.tests.ExportImportTestCase,
 []


Underfull \hbox (badness 10000) in paragraph at lines 42--44
[]| \T1/phv/m/n/10 self_service_terminal.tests.PaginationTestCase,
 []


Overfull \hbox (15.22787pt too wide) in paragraph at lines 46--48
[]| \T1/phv/m/n/10 self_service_terminal.tests.UnconnectedConfiguration,
 []


Underfull \hbox (badness 10000) in paragraph at lines 49--51
[]| \T1/phv/m/n/10 self_service_terminal.models.Terminal_Settings,
 []


Underfull \hbox (badness 10000) in paragraph at lines 52--54
[]| \T1/phv/m/n/10 self_service_terminal.models.Terminal_Settings,
 []


Underfull \hbox (badness 10000) in paragraph at lines 55--57
[]| \T1/phv/m/n/10 self_service_terminal.models.Terminal_Settings,
 []


Underfull \hbox (badness 10000) in paragraph at lines 58--60
[]| \T1/phv/m/n/10 self_service_terminal.models.Terminal_Settings,
 []


Underfull \hbox (badness 10000) in paragraph at lines 61--63
[]| \T1/phv/m/n/10 self_service_terminal.models.Terminal_Settings,
 []


Underfull \hbox (badness 10000) in paragraph at lines 76--78
[]| \T1/phv/m/n/10 self_service_terminal.models.Terminal_Settings,
 []


Underfull \hbox (badness 10000) in paragraph at lines 84--86
[]| \T1/phv/m/n/10 self_service_terminal.tests.ExportImportTestCase,
 []


Underfull \hbox (badness 10000) in paragraph at lines 110--112
[]| \T1/phv/m/n/10 self_service_terminal.tests.ExportImportTestCase,
 []


Overfull \hbox (15.22787pt too wide) in paragraph at lines 116--118
[]| \T1/phv/m/n/10 self_service_terminal.tests.UnconnectedConfiguration,
 []


Underfull \hbox (badness 10000) in paragraph at lines 121--123
[]| \T1/phv/m/n/10 self_service_terminal.tests.ExportImportTestCase,
 []

[75


]
Underfull \hbox (badness 10000) in paragraph at lines 154--156
[]| \T1/phv/m/n/10 self_service_terminal.models.Terminal_Settings,
 []


Underfull \hbox (badness 10000) in paragraph at lines 157--159
[]| \T1/phv/m/n/10 self_service_terminal.models.Terminal_Settings,
 []


Underfull \hbox (badness 10000) in paragraph at lines 186--188
[]| \T1/phv/m/n/10 self_service_terminal.tests.ExportImportTestCase,
 []


Underfull \hbox (badness 10000) in paragraph at lines 190--192
[]| \T1/phv/m/n/10 self_service_terminal.tests.PaginationTestCase,
 []


Overfull \hbox (15.22787pt too wide) in paragraph at lines 194--196
[]| \T1/phv/m/n/10 self_service_terminal.tests.UnconnectedConfiguration,
 []


Overfull \hbox (15.20996pt too wide) in paragraph at lines 213--215
[]| \T1/phv/m/n/10 self_service_terminal.apps.SelfServiceTerminalConfig,
 []

[76]
Underfull \hbox (badness 10000) in paragraph at lines 264--266
[]\T1/phv/m/n/10 self_service_terminal.admin.Terminal_SettingsAdmin,
 []


Underfull \hbox (badness 10000) in paragraph at lines 268--270
[]\T1/phv/m/n/10 self_service_terminal.apps.SelfServiceTerminalConfig,
 []


Underfull \hbox (badness 10000) in paragraph at lines 312--314
[]\T1/phv/m/n/10 self_service_terminal.models.Terminal_Settings.Meta,
 []

[77]
Underfull \hbox (badness 10000) in paragraph at lines 381--383
[]\T1/phv/m/n/10 self_service_terminal.tests.UnconnectedConfiguration,
 []


Underfull \hbox (badness 10000) in paragraph at lines 410--412
[]| \T1/phv/m/n/10 self_service_terminal.tests.ExportImportTestCase,
 []


Underfull \hbox (badness 10000) in paragraph at lines 414--416
[]| \T1/phv/m/n/10 self_service_terminal.tests.PaginationTestCase,
 []


Overfull \hbox (15.22787pt too wide) in paragraph at lines 418--420
[]| \T1/phv/m/n/10 self_service_terminal.tests.UnconnectedConfiguration,
 []


Underfull \hbox (badness 10000) in paragraph at lines 463--465
[]| \T1/phv/m/n/10 self_service_terminal.tests.ExportImportTestCase,
 []


Overfull \hbox (15.22787pt too wide) in paragraph at lines 469--471
[]| \T1/phv/m/n/10 self_service_terminal.tests.UnconnectedConfiguration,
 []


Underfull \hbox (badness 10000) in paragraph at lines 472--474
[]| \T1/phv/m/n/10 self_service_terminal.tests.PaginationTestCase,
 []


Underfull \hbox (badness 10000) in paragraph at lines 482--484
[]| \T1/phv/m/n/10 self_service_terminal.tests.ExportImportTestCase,
 []


Underfull \hbox (badness 10000) in paragraph at lines 486--488
[]| \T1/phv/m/n/10 self_service_terminal.tests.PaginationTestCase,
 []


Overfull \hbox (15.22787pt too wide) in paragraph at lines 490--492
[]| \T1/phv/m/n/10 self_service_terminal.tests.UnconnectedConfiguration,
 []


Underfull \hbox (badness 10000) in paragraph at lines 502--504
[]| \T1/phv/m/n/10 self_service_terminal.tests.PaginationTestCase,
 []


Underfull \hbox (badness 10000) in paragraph at lines 505--507
[]| \T1/phv/m/n/10 self_service_terminal.tests.ExportImportTestCase,
 []


Underfull \hbox (badness 10000) in paragraph at lines 508--510
[]| \T1/phv/m/n/10 self_service_terminal.tests.ExportImportTestCase,
 []

[78]
Overfull \hbox (15.22787pt too wide) in paragraph at lines 519--521
[]| \T1/phv/m/n/10 self_service_terminal.tests.UnconnectedConfiguration,
 []


Underfull \hbox (badness 10000) in paragraph at lines 531--533
[]| \T1/phv/m/n/10 self_service_terminal.tests.ExportImportTestCase,
 []


Underfull \hbox (badness 10000) in paragraph at lines 537--539
[]| \T1/phv/m/n/10 self_service_terminal.tests.PaginationTestCase,
 []


Underfull \hbox (badness 10000) in paragraph at lines 559--561
[]| \T1/phv/m/n/10 self_service_terminal.models.Terminal_Settings,
 []

[79])
Package atveryend Info: Empty hook `BeforeClearDocument' on input line 246.
Package atveryend Info: Empty hook `AfterLastShipout' on input line 246.
 (./refman.aux)
Package atveryend Info: Executing hook `AtVeryEndDocument' on input line 246.
Package atveryend Info: Executing hook `AtEndAfterFileList' on input line 246.
Package rerunfilecheck Info: File `refman.out' has not changed.
(rerunfilecheck)             Checksum: A08CA9D4BC20AD1DEEB6B324E5EFAB82;59712.
 ) 
Here is how much of TeX's memory you used:
 17935 strings out of 483057
 302474 string characters out of 5962302
 602421 words of memory out of 5000000
 31877 multiletter control sequences out of 15000+600000
 577324 words of font info for 84 fonts, out of 8000000 for 9000
 59 hyphenation exceptions out of 8191
 55i,16n,96p,938b,503s stack positions out of 5000i,500n,10000p,200000b,80000s
{/usr/share/texlive/texmf-dist/fonts/enc/dvips/base/8r.enc}</usr/share/texliv
e/texmf-dist/fonts/type1/public/amsfonts/cm/cmmi7.pfb></usr/share/texlive/texmf
-dist/fonts/type1/public/amsfonts/cm/cmsy10.pfb></usr/share/texlive/texmf-dist/
fonts/type1/public/amsfonts/cm/cmsy6.pfb></usr/share/texlive/texmf-dist/fonts/t
ype1/public/amsfonts/cm/cmsy7.pfb></usr/share/texlive/texmf-dist/fonts/type1/pu
blic/amsfonts/cm/cmsy8.pfb></usr/share/texlive/texmf-dist/fonts/type1/urw/couri
er/ucrr8a.pfb></usr/share/texlive/texmf-dist/fonts/type1/urw/courier/ucrro8a.pf
b></usr/share/texlive/texmf-dist/fonts/type1/urw/helvetic/uhvb8a.pfb></usr/shar
e/texlive/texmf-dist/fonts/type1/urw/helvetic/uhvb8ac.pfb></usr/share/texlive/t
exmf-dist/fonts/type1/urw/helvetic/uhvr8a.pfb>
Output written on refman.pdf (89 pages, 452538 bytes).
PDF statistics:
 3341 PDF objects out of 3580 (max. 8388607)
 3101 compressed objects within 32 object streams
 674 named destinations out of 1000 (max. 500000)
 2409 words of extra memory for PDF output out of 10000 (max. 10000000)

